#
# There is insufficient memory for the Java Runtime Environment to continue.
# Native memory allocation (malloc) failed to allocate 1133984 bytes. Error detail: Chunk::new
# Possible reasons:
#   The system is out of physical RAM or swap space
#   This process is running with CompressedOops enabled, and the Java Heap may be blocking the growth of the native heap
# Possible solutions:
#   Reduce memory load on the system
#   Increase physical memory or swap space
#   Check if swap backing store is full
#   Decrease Java heap size (-Xmx/-Xms)
#   Decrease number of Java threads
#   Decrease Java thread stack sizes (-Xss)
#   Set larger code cache with -XX:ReservedCodeCacheSize=
#   JVM is running with Unscaled Compressed Oops mode in which the Java heap is
#     placed in the first 4GB address space. The Java Heap base address is the
#     maximum limit for the native heap growth. Please use -XX:HeapBaseMinAddress
#     to set the Java Heap base and to place the Java Heap above 4GB virtual address.
# This output file may be truncated or incomplete.
#
#  Out of Memory Error (arena.cpp:168), pid=23344, tid=23484
#
# JRE version: OpenJDK Runtime Environment Temurin-21.0.10+7 (21.0.10+7) (build 21.0.10+7-LTS)
# Java VM: OpenJDK 64-Bit Server VM Temurin-21.0.10+7 (21.0.10+7-LTS, mixed mode, sharing, tiered, compressed oops, compressed class ptrs, parallel gc, windows-amd64)
# No core dump will be written. Minidumps are not enabled by default on client versions of Windows
#

---------------  S U M M A R Y ------------

Command Line: --add-modules=ALL-SYSTEM --add-opens=java.base/java.util=ALL-UNNAMED --add-opens=java.base/java.lang=ALL-UNNAMED --add-opens=java.base/sun.nio.fs=ALL-UNNAMED -Declipse.application=org.eclipse.jdt.ls.core.id1 -Dosgi.bundles.defaultStartLevel=4 -Declipse.product=org.eclipse.jdt.ls.core.product -Djava.import.generatesMetadataFilesAtProjectRoot=false -DDetectVMInstallationsJob.disabled=true -Dfile.encoding=utf8 -XX:+UseParallelGC -XX:GCTimeRatio=4 -XX:AdaptiveSizePolicyWeight=90 -Dsun.zip.disableMemoryMapping=true -Xmx2G -Xms100m -Xlog:disable -javaagent:c:\Users\Mehdiali\.vscode\extensions\redhat.java-1.54.0-win32-x64\lombok\lombok-1.18.39-4050.jar -XX:+HeapDumpOnOutOfMemoryError -XX:HeapDumpPath=c:\Users\Mehdiali\AppData\Roaming\Code\User\workspaceStorage\232fe7e5a51645d976f0662a88af09df\redhat.java -Daether.dependencyCollector.impl=bf c:\Users\Mehdiali\.vscode\extensions\redhat.java-1.54.0-win32-x64\server\plugins\org.eclipse.equinox.launcher_1.7.100.v20251111-0406.jar -configuration c:\Users\Mehdiali\AppData\Roaming\Code\User\globalStorage\redhat.java\1.54.0\config_win -data c:\Users\Mehdiali\AppData\Roaming\Code\User\workspaceStorage\232fe7e5a51645d976f0662a88af09df\redhat.java\jdt_ws --pipe=\\.\pipe\lsp-f2e0aad3acb0666ad74fbc64557f3def-sock

Host: Intel(R) Core(TM) i3-10100 CPU @ 3.60GHz, 8 cores, 15G,  Windows 11 , 64 bit Build 26100 (10.0.26100.8521)
Time: Wed Jun 10 15:24:37 2026 India Standard Time elapsed time: 4495.337470 seconds (0d 1h 14m 55s)

---------------  T H R E A D  ---------------

Current thread (0x000001c3f33a0200):  JavaThread "C2 CompilerThread0" daemon [_thread_in_native, id=23484, stack(0x0000007a8b500000,0x0000007a8b600000) (1024K)]


Current CompileTask:
C2:4495337 24381   !   4       org.eclipse.jdt.internal.compiler.parser.AbstractCommentParser::commentParse (2527 bytes)

Stack: [0x0000007a8b500000,0x0000007a8b600000]
Native frames: (J=compiled Java code, j=interpreted, Vv=VM code, C=native code)
V  [jvm.dll+0x6d7a39]
V  [jvm.dll+0x8b4b26]
V  [jvm.dll+0x8b70de]
V  [jvm.dll+0x8b77c3]
V  [jvm.dll+0x284346]
V  [jvm.dll+0xc66ed]
V  [jvm.dll+0xc6c31]
V  [jvm.dll+0x3bec3b]
V  [jvm.dll+0x1e3bc4]
V  [jvm.dll+0x24c6b3]
V  [jvm.dll+0x24bb40]
V  [jvm.dll+0x1cb34e]
V  [jvm.dll+0x25b85d]
V  [jvm.dll+0x259dea]
V  [jvm.dll+0x3f857e]
V  [jvm.dll+0x85f59d]
V  [jvm.dll+0x6d626d]
C  [ucrtbase.dll+0x2cd30]
C  [KERNEL32.DLL+0x2e957]
C  [ntdll.dll+0x87c1c]


---------------  P R O C E S S  ---------------

Threads class SMR info:
_java_thread_list=0x000001c3fd01a090, length=45, elements={
0x000001c3dc924c50, 0x000001c3f33983a0, 0x000001c3dc9dd0e0, 0x000001c3f3399480,
0x000001c3f339bef0, 0x000001c3f339c950, 0x000001c3f339d3b0, 0x000001c3f33a0200,
0x000001c3f903b150, 0x000001c3f91f7380, 0x000001c3f9316e50, 0x000001c3f998e0d0,
0x000001c3f90107c0, 0x000001c3f91d27b0, 0x000001c3f905d240, 0x000001c3f9e28aa0,
0x000001c3f9661270, 0x000001c3f9ad99c0, 0x000001c3f9ad78f0, 0x000001c3f9ad8ca0,
0x000001c3fcee9390, 0x000001c3fcee8670, 0x000001c3fceebaf0, 0x000001c3fceeb460,
0x000001c3fceea0b0, 0x000001c3fcee8d00, 0x000001c3fceec180, 0x000001c3fceec810,
0x000001c3fceea740, 0x000001c3fceecea0, 0x000001c3fcee9a20, 0x000001c3fceed530,
0x000001c3fe90d000, 0x000001c3fe90bc50, 0x000001c3fe90f760, 0x000001c3fe90dd20,
0x000001c3fe90a8a0, 0x000001c3fe910480, 0x000001c3fceee250, 0x000001c3fceee8e0,
0x000001c3fceef600, 0x000001c3fceefc90, 0x000001c3fe90f0d0, 0x000001c3fe90fdf0,
0x000001c3fe90c970
}

Java Threads: ( => current thread )
  0x000001c3dc924c50 JavaThread "main"                              [_thread_blocked, id=23420, stack(0x0000007a8ab00000,0x0000007a8ac00000) (1024K)]
  0x000001c3f33983a0 JavaThread "Reference Handler"          daemon [_thread_blocked, id=23464, stack(0x0000007a8af00000,0x0000007a8b000000) (1024K)]
  0x000001c3dc9dd0e0 JavaThread "Finalizer"                  daemon [_thread_blocked, id=23280, stack(0x0000007a8b000000,0x0000007a8b100000) (1024K)]
  0x000001c3f3399480 JavaThread "Signal Dispatcher"          daemon [_thread_blocked, id=23376, stack(0x0000007a8b100000,0x0000007a8b200000) (1024K)]
  0x000001c3f339bef0 JavaThread "Attach Listener"            daemon [_thread_blocked, id=23232, stack(0x0000007a8b200000,0x0000007a8b300000) (1024K)]
  0x000001c3f339c950 JavaThread "Service Thread"             daemon [_thread_blocked, id=23384, stack(0x0000007a8b300000,0x0000007a8b400000) (1024K)]
  0x000001c3f339d3b0 JavaThread "Monitor Deflation Thread"   daemon [_thread_blocked, id=23480, stack(0x0000007a8b400000,0x0000007a8b500000) (1024K)]
=>0x000001c3f33a0200 JavaThread "C2 CompilerThread0"         daemon [_thread_in_native, id=23484, stack(0x0000007a8b500000,0x0000007a8b600000) (1024K)]
  0x000001c3f903b150 JavaThread "C1 CompilerThread0"         daemon [_thread_blocked, id=23388, stack(0x0000007a8b600000,0x0000007a8b700000) (1024K)]
  0x000001c3f91f7380 JavaThread "Common-Cleaner"             daemon [_thread_blocked, id=22964, stack(0x0000007a8b700000,0x0000007a8b800000) (1024K)]
  0x000001c3f9316e50 JavaThread "Notification Thread"        daemon [_thread_blocked, id=21304, stack(0x0000007a8b900000,0x0000007a8ba00000) (1024K)]
  0x000001c3f998e0d0 JavaThread "Active Thread: Equinox Container: ba4a3bd3-fbde-4ac0-b7a3-d97a948593e9"        [_thread_blocked, id=6684, stack(0x0000007a8c100000,0x0000007a8c200000) (1024K)]
  0x000001c3f90107c0 JavaThread "Refresh Thread: Equinox Container: ba4a3bd3-fbde-4ac0-b7a3-d97a948593e9" daemon [_thread_blocked, id=22668, stack(0x0000007a8ba00000,0x0000007a8bb00000) (1024K)]
  0x000001c3f91d27b0 JavaThread "Framework Event Dispatcher: Equinox Container: ba4a3bd3-fbde-4ac0-b7a3-d97a948593e9" daemon [_thread_blocked, id=23036, stack(0x0000007a8c200000,0x0000007a8c300000) (1024K)]
  0x000001c3f905d240 JavaThread "Start Level: Equinox Container: ba4a3bd3-fbde-4ac0-b7a3-d97a948593e9" daemon [_thread_blocked, id=3284, stack(0x0000007a8c300000,0x0000007a8c400000) (1024K)]
  0x000001c3f9e28aa0 JavaThread "Bundle File Closer"         daemon [_thread_blocked, id=1660, stack(0x0000007a8c500000,0x0000007a8c600000) (1024K)]
  0x000001c3f9661270 JavaThread "SCR Component Actor"        daemon [_thread_blocked, id=9772, stack(0x0000007a8c400000,0x0000007a8c500000) (1024K)]
  0x000001c3f9ad99c0 JavaThread "Worker-JM"                         [_thread_blocked, id=8740, stack(0x0000007a8c800000,0x0000007a8c900000) (1024K)]
  0x000001c3f9ad78f0 JavaThread "JNA Cleaner"                daemon [_thread_blocked, id=23508, stack(0x0000007a8c900000,0x0000007a8ca00000) (1024K)]
  0x000001c3f9ad8ca0 JavaThread "Java indexing"              daemon [_thread_blocked, id=8728, stack(0x0000007a8cc00000,0x0000007a8cd00000) (1024K)]
  0x000001c3fcee9390 JavaThread "Thread-1"                   daemon [_thread_in_native, id=12852, stack(0x0000007a8d100000,0x0000007a8d200000) (1024K)]
  0x000001c3fcee8670 JavaThread "Thread-2"                   daemon [_thread_in_native, id=20144, stack(0x0000007a8d200000,0x0000007a8d300000) (1024K)]
  0x000001c3fceebaf0 JavaThread "Thread-3"                   daemon [_thread_in_native, id=22916, stack(0x0000007a8d300000,0x0000007a8d400000) (1024K)]
  0x000001c3fceeb460 JavaThread "Thread-4"                   daemon [_thread_in_native, id=8136, stack(0x0000007a8d400000,0x0000007a8d500000) (1024K)]
  0x000001c3fceea0b0 JavaThread "Thread-5"                   daemon [_thread_in_native, id=11108, stack(0x0000007a8d500000,0x0000007a8d600000) (1024K)]
  0x000001c3fcee8d00 JavaThread "Thread-6"                   daemon [_thread_in_native, id=23368, stack(0x0000007a8d600000,0x0000007a8d700000) (1024K)]
  0x000001c3fceec180 JavaThread "Thread-7"                   daemon [_thread_in_native, id=23172, stack(0x0000007a8d700000,0x0000007a8d800000) (1024K)]
  0x000001c3fceec810 JavaThread "Thread-8"                   daemon [_thread_in_native, id=22624, stack(0x0000007a8d800000,0x0000007a8d900000) (1024K)]
  0x000001c3fceea740 JavaThread "Thread-9"                   daemon [_thread_in_native, id=23256, stack(0x0000007a8d900000,0x0000007a8da00000) (1024K)]
  0x000001c3fceecea0 JavaThread "pool-2-thread-1"                   [_thread_blocked, id=20584, stack(0x0000007a8da00000,0x0000007a8db00000) (1024K)]
  0x000001c3fcee9a20 JavaThread "WorkspaceEventsHandler"            [_thread_blocked, id=20588, stack(0x0000007a8db00000,0x0000007a8dc00000) (1024K)]
  0x000001c3fceed530 JavaThread "pool-1-thread-1"                   [_thread_blocked, id=20660, stack(0x0000007a8dc00000,0x0000007a8dd00000) (1024K)]
  0x000001c3fe90d000 JavaThread "ForkJoinPool.commonPool-worker-4" daemon [_thread_blocked, id=23532, stack(0x0000007a8e100000,0x0000007a8e200000) (1024K)]
  0x000001c3fe90bc50 JavaThread "Cleaner-0"                  daemon [_thread_blocked, id=23820, stack(0x0000007a8e300000,0x0000007a8e400000) (1024K)]
  0x000001c3fe90f760 JavaThread "Worker-10"                         [_thread_blocked, id=7020, stack(0x0000007a8c700000,0x0000007a8c800000) (1024K)]
  0x000001c3fe90dd20 JavaThread "ForkJoinPool.commonPool-worker-17" daemon [_thread_blocked, id=23520, stack(0x0000007a8a900000,0x0000007a8aa00000) (1024K)]
  0x000001c3fe90a8a0 JavaThread "Worker-16"                         [_thread_blocked, id=13720, stack(0x0000007a8aa00000,0x0000007a8ab00000) (1024K)]
  0x000001c3fe910480 JavaThread "ForkJoinPool.commonPool-worker-18" daemon [_thread_blocked, id=14904, stack(0x0000007a8cd00000,0x0000007a8ce00000) (1024K)]
  0x000001c3fceee250 JavaThread "Worker-18"                         [_thread_blocked, id=4344, stack(0x0000007a8a800000,0x0000007a8a900000) (1024K)]
  0x000001c3fceee8e0 JavaThread "ForkJoinPool.commonPool-worker-19" daemon [_thread_blocked, id=14888, stack(0x0000007a8c600000,0x0000007a8c700000) (1024K)]
  0x000001c3fceef600 JavaThread "pool-1-thread-21"                  [_thread_blocked, id=16352, stack(0x0000007a8ca00000,0x0000007a8cb00000) (1024K)]
  0x000001c3fceefc90 JavaThread "Worker-19"                         [_thread_blocked, id=15476, stack(0x0000007a8cb00000,0x0000007a8cc00000) (1024K)]
  0x000001c3fe90f0d0 JavaThread "pool-1-thread-22"                  [_thread_blocked, id=4788, stack(0x0000007a8ce00000,0x0000007a8cf00000) (1024K)]
  0x000001c3fe90fdf0 JavaThread "ForkJoinPool.commonPool-worker-20" daemon [_thread_blocked, id=23180, stack(0x0000007a8d000000,0x0000007a8d100000) (1024K)]
  0x000001c3fe90c970 JavaThread "ForkJoinPool.commonPool-worker-21" daemon [_thread_blocked, id=13024, stack(0x0000007a8dd00000,0x0000007a8de00000) (1024K)]
Total: 45

Other Threads:
  0x000001c3dc9c0a70 VMThread "VM Thread"                           [id=23188, stack(0x0000007a8ae00000,0x0000007a8af00000) (1024K)]
  0x000001c3f32aba00 WatcherThread "VM Periodic Task Thread"        [id=23332, stack(0x0000007a8ad00000,0x0000007a8ae00000) (1024K)]
  0x000001c3dc944210 WorkerThread "GC Thread#0"                     [id=20864, stack(0x0000007a8ac00000,0x0000007a8ad00000) (1024K)]
  0x000001c3f989ccd0 WorkerThread "GC Thread#1"                     [id=12520, stack(0x0000007a8bb00000,0x0000007a8bc00000) (1024K)]
  0x000001c3f9897130 WorkerThread "GC Thread#2"                     [id=20576, stack(0x0000007a8bc00000,0x0000007a8bd00000) (1024K)]
  0x000001c3f98974e0 WorkerThread "GC Thread#3"                     [id=18492, stack(0x0000007a8bd00000,0x0000007a8be00000) (1024K)]
  0x000001c3f99c8f90 WorkerThread "GC Thread#4"                     [id=19200, stack(0x0000007a8be00000,0x0000007a8bf00000) (1024K)]
  0x000001c3f9422090 WorkerThread "GC Thread#5"                     [id=10900, stack(0x0000007a8bf00000,0x0000007a8c000000) (1024K)]
  0x000001c3f9422440 WorkerThread "GC Thread#6"                     [id=23044, stack(0x0000007a8c000000,0x0000007a8c100000) (1024K)]
  0x000001c3f9c2d040 WorkerThread "GC Thread#7"                     [id=2812, stack(0x0000007a8b800000,0x0000007a8b900000) (1024K)]
Total: 10

Threads with active compile tasks:
C2 CompilerThread0  4495357 24381   !   4       org.eclipse.jdt.internal.compiler.parser.AbstractCommentParser::commentParse (2527 bytes)
Total: 1

VM state: at safepoint (normal execution)

VM Mutex/Monitor currently owned by a thread:  ([mutex/lock_event])
[0x00007fff8d46e560] Threads_lock - owner thread: 0x000001c3dc9c0a70
[0x00007fff8d46e660] Heap_lock - owner thread: 0x000001c3fe90f0d0

Heap address: 0x0000000080000000, size: 2048 MB, Compressed Oops mode: 32-bit

CDS archive(s) mapped at: [0x000001c380000000-0x000001c380ba0000-0x000001c380ba0000), size 12189696, SharedBaseAddress: 0x000001c380000000, ArchiveRelocationMode: 1.
Compressed class space mapped at: 0x000001c381000000-0x000001c3c1000000, reserved size: 1073741824
Narrow klass base: 0x000001c380000000, Narrow klass shift: 0, Narrow klass range: 0x100000000

GC Precious Log:
 CardTable entry size: 512
 CPUs: 8 total, 8 available
 Memory: 16213M
 Large Page Support: Disabled
 NUMA Support: Disabled
 Compressed Oops: Enabled (32-bit)
 Alignments: Space 512K, Generation 512K, Heap 2M
 Heap Min Capacity: 100M
 Heap Initial Capacity: 100M
 Heap Max Capacity: 2G
 Pre-touch: Disabled
 Parallel Workers: 8

Heap:
 PSYoungGen      total 11264K, used 1521K [0x00000000d5580000, 0x00000000d6300000, 0x0000000100000000)
  eden space 9728K, 0% used [0x00000000d5580000,0x00000000d5580000,0x00000000d5f00000)
  from space 1536K, 99% used [0x00000000d5f00000,0x00000000d607c500,0x00000000d6080000)
  to   space 2560K, 0% used [0x00000000d6080000,0x00000000d6080000,0x00000000d6300000)
 ParOldGen       total 699904K, used 699859K [0x0000000080000000, 0x00000000aab80000, 0x00000000d5580000)
  object space 699904K, 99% used [0x0000000080000000,0x00000000aab74c08,0x00000000aab80000)
 Metaspace       used 87912K, committed 89792K, reserved 1179648K
  class space    used 8760K, committed 9664K, reserved 1048576K

Card table byte_map: [0x000001c3dc2c0000,0x000001c3dc6d0000] _byte_map_base: 0x000001c3dbec0000

Marking Bits: (ParMarkBitMap*) 0x00007fff8d473450
 Begin Bits: [0x000001c3eedd0000, 0x000001c3f0dd0000)
 End Bits:   [0x000001c3f0dd0000, 0x000001c3f2dd0000)

Polling page: 0x000001c3da8d0000

Metaspace:

Usage:
  Non-class:     77.30 MB used.
      Class:      8.56 MB used.
       Both:     85.85 MB used.

Virtual space:
  Non-class space:      128.00 MB reserved,      78.25 MB ( 61%) committed,  2 nodes.
      Class space:        1.00 GB reserved,       9.44 MB ( <1%) committed,  1 nodes.
             Both:        1.12 GB reserved,      87.69 MB (  8%) committed. 

Chunk freelists:
   Non-Class:  1.39 MB
       Class:  6.70 MB
        Both:  8.09 MB

MaxMetaspaceSize: unlimited
CompressedClassSpaceSize: 1.00 GB
Initial GC threshold: 21.00 MB
Current GC threshold: 146.06 MB
CDS: on
 - commit_granule_bytes: 65536.
 - commit_granule_words: 8192.
 - virtual_space_node_default_size: 8388608.
 - enlarge_chunks_in_place: 1.
 - use_allocation_guard: 0.


Internal statistics:

num_allocs_failed_limit: 9.
num_arena_births: 1736.
num_arena_deaths: 390.
num_vsnodes_births: 3.
num_vsnodes_deaths: 0.
num_space_committed: 1403.
num_space_uncommitted: 0.
num_chunks_returned_to_freelist: 442.
num_chunks_taken_from_freelist: 6057.
num_chunk_merges: 122.
num_chunk_splits: 3637.
num_chunks_enlarged: 2023.
num_inconsistent_stats: 0.

CodeHeap 'non-profiled nmethods': size=120000Kb used=21830Kb max_used=25768Kb free=98169Kb
 bounds [0x000001c3e75f0000, 0x000001c3e8f20000, 0x000001c3eeb20000]
CodeHeap 'profiled nmethods': size=120000Kb used=35160Kb max_used=47381Kb free=84840Kb
 bounds [0x000001c3dfb20000, 0x000001c3e29a0000, 0x000001c3e7050000]
CodeHeap 'non-nmethods': size=5760Kb used=1514Kb max_used=1659Kb free=4246Kb
 bounds [0x000001c3e7050000, 0x000001c3e72c0000, 0x000001c3e75f0000]
CodeCache: size=245760Kb, used=58504Kb, max_used=74808Kb, free=187255Kb
 total_blobs=16691, nmethods=15868, adapters=726, full_count=0
Compilation: enabled, stopped_count=0, restarted_count=0

Compilation events (20 events):
Event: 4492.040 Thread 0x000001c3f903b150 nmethod 24392 0x000001c3e0906e90 code [0x000001c3e0907160, 0x000001c3e0907e70]
Event: 4493.052 Thread 0x000001c3fdf346f0 nmethod 24384 0x000001c3e7e0cb90 code [0x000001c3e7e0cdc0, 0x000001c3e7e0d748]
Event: 4493.052 Thread 0x000001c3fdf346f0 24386       4       com.vladsch.flexmark.util.sequence.LineAppendableImpl::isPrefixed (39 bytes)
Event: 4493.053 Thread 0x000001c3f903b150 24393       3       org.eclipse.jdt.core.Flags::isFinal (11 bytes)
Event: 4493.053 Thread 0x000001c3fdf346f0 nmethod 24386 0x000001c3e8e99e90 code [0x000001c3e8e9a020, 0x000001c3e8e9a0f0]
Event: 4493.053 Thread 0x000001c3f903b150 nmethod 24393 0x000001c3e09a7a90 code [0x000001c3e09a7c40, 0x000001c3e09a7d90]
Event: 4493.054 Thread 0x000001c3fdf346f0 24394       4       org.eclipse.jdt.internal.corext.template.java.SignatureUtil::getUpperBound (185 bytes)
Event: 4493.057 Thread 0x000001c3fdf346f0 nmethod 24394 0x000001c3e8e99910 code [0x000001c3e8e99aa0, 0x000001c3e8e99cc0]
Event: 4494.060 Thread 0x000001c3fdf346f0 24395       4       org.eclipse.jdt.internal.compiler.lookup.MethodScope::createMethod (483 bytes)
Event: 4494.061 Thread 0x000001c3f903b150 24396       3       org.eclipse.jdt.internal.compiler.lookup.MethodBinding::isCompactConstructor (15 bytes)
Event: 4494.061 Thread 0x000001c3f903b150 nmethod 24396 0x000001c3e141b610 code [0x000001c3e141b7c0, 0x000001c3e141b938]
Event: 4494.062 Thread 0x000001c3f903b150 24397       3       org.eclipse.jdt.internal.compiler.lookup.CompilationUnitScope::cleanUpInferenceContexts (50 bytes)
Event: 4494.063 Thread 0x000001c3f903b150 nmethod 24397 0x000001c3e114bb10 code [0x000001c3e114bd20, 0x000001c3e114c550]
Event: 4494.092 Thread 0x000001c3fdf346f0 nmethod 24395 0x000001c3e8f0e390 code [0x000001c3e8f0e680, 0x000001c3e8f0f840]
Event: 4494.151 Thread 0x000001c3fdf346f0 24398       4       org.eclipse.jdt.internal.core.util.MementoTokenizer::escape (195 bytes)
Event: 4494.159 Thread 0x000001c3fdf346f0 nmethod 24398 0x000001c3e84bf510 code [0x000001c3e84bf740, 0x000001c3e84bfe90]
Event: 4494.204 Thread 0x000001c3f903b150 24399 %     3       java.io.InputStream::readNBytes @ 230 (292 bytes)
Event: 4494.206 Thread 0x000001c3f903b150 nmethod 24399% 0x000001c3e0664b10 code [0x000001c3e0664f60, 0x000001c3e06673d0]
Event: 4494.232 Thread 0x000001c3f903b150 24400       3       org.eclipse.jdt.internal.core.JavaModel::getJavaProjects (22 bytes)
Event: 4494.233 Thread 0x000001c3f903b150 nmethod 24400 0x000001c3e09f7990 code [0x000001c3e09f7b60, 0x000001c3e09f7f28]

GC Heap History (20 events):
Event: 4494.169 GC heap after
{Heap after GC invocations=5559 (full 7):
 PSYoungGen      total 11264K, used 224K [0x00000000d5580000, 0x00000000d6100000, 0x0000000100000000)
  eden space 10240K, 0% used [0x00000000d5580000,0x00000000d5580000,0x00000000d5f80000)
  from space 1024K, 21% used [0x00000000d5f80000,0x00000000d5fb8000,0x00000000d6080000)
  to   space 512K, 0% used [0x00000000d6080000,0x00000000d6080000,0x00000000d6100000)
 ParOldGen       total 687616K, used 687602K [0x0000000080000000, 0x00000000a9f80000, 0x00000000d5580000)
  object space 687616K, 99% used [0x0000000080000000,0x00000000a9f7cb20,0x00000000a9f80000)
 Metaspace       used 87912K, committed 89792K, reserved 1179648K
  class space    used 8760K, committed 9664K, reserved 1048576K
}
Event: 4494.180 GC heap before
{Heap before GC invocations=5560 (full 7):
 PSYoungGen      total 11264K, used 10421K [0x00000000d5580000, 0x00000000d6100000, 0x0000000100000000)
  eden space 10240K, 99% used [0x00000000d5580000,0x00000000d5f75690,0x00000000d5f80000)
  from space 1024K, 21% used [0x00000000d5f80000,0x00000000d5fb8000,0x00000000d6080000)
  to   space 512K, 0% used [0x00000000d6080000,0x00000000d6080000,0x00000000d6100000)
 ParOldGen       total 687616K, used 687602K [0x0000000080000000, 0x00000000a9f80000, 0x00000000d5580000)
  object space 687616K, 99% used [0x0000000080000000,0x00000000a9f7cb20,0x00000000a9f80000)
 Metaspace       used 87912K, committed 89792K, reserved 1179648K
  class space    used 8760K, committed 9664K, reserved 1048576K
}
Event: 4494.182 GC heap after
{Heap after GC invocations=5560 (full 7):
 PSYoungGen      total 5120K, used 508K [0x00000000d5580000, 0x00000000d6c80000, 0x0000000100000000)
  eden space 4608K, 0% used [0x00000000d5580000,0x00000000d5580000,0x00000000d5a00000)
  from space 512K, 99% used [0x00000000d6080000,0x00000000d60ff088,0x00000000d6100000)
  to   space 6656K, 0% used [0x00000000d5a00000,0x00000000d5a00000,0x00000000d6080000)
 ParOldGen       total 692736K, used 692450K [0x0000000080000000, 0x00000000aa480000, 0x00000000d5580000)
  object space 692736K, 99% used [0x0000000080000000,0x00000000aa438930,0x00000000aa480000)
 Metaspace       used 87912K, committed 89792K, reserved 1179648K
  class space    used 8760K, committed 9664K, reserved 1048576K
}
Event: 4494.185 GC heap before
{Heap before GC invocations=5561 (full 7):
 PSYoungGen      total 5120K, used 5097K [0x00000000d5580000, 0x00000000d6c80000, 0x0000000100000000)
  eden space 4608K, 99% used [0x00000000d5580000,0x00000000d59fb4c0,0x00000000d5a00000)
  from space 512K, 99% used [0x00000000d6080000,0x00000000d60ff088,0x00000000d6100000)
  to   space 6656K, 0% used [0x00000000d5a00000,0x00000000d5a00000,0x00000000d6080000)
 ParOldGen       total 692736K, used 692450K [0x0000000080000000, 0x00000000aa480000, 0x00000000d5580000)
  object space 692736K, 99% used [0x0000000080000000,0x00000000aa438930,0x00000000aa480000)
 Metaspace       used 87912K, committed 89792K, reserved 1179648K
  class space    used 8760K, committed 9664K, reserved 1048576K
}
Event: 4494.188 GC heap after
{Heap after GC invocations=5561 (full 7):
 PSYoungGen      total 11264K, used 4964K [0x00000000d5580000, 0x00000000d6600000, 0x0000000100000000)
  eden space 4608K, 0% used [0x00000000d5580000,0x00000000d5580000,0x00000000d5a00000)
  from space 6656K, 74% used [0x00000000d5a00000,0x00000000d5ed9248,0x00000000d6080000)
  to   space 5632K, 0% used [0x00000000d6080000,0x00000000d6080000,0x00000000d6600000)
 ParOldGen       total 693248K, used 692749K [0x0000000080000000, 0x00000000aa500000, 0x00000000d5580000)
  object space 693248K, 99% used [0x0000000080000000,0x00000000aa4837f0,0x00000000aa500000)
 Metaspace       used 87912K, committed 89792K, reserved 1179648K
  class space    used 8760K, committed 9664K, reserved 1048576K
}
Event: 4494.198 GC heap before
{Heap before GC invocations=5562 (full 7):
 PSYoungGen      total 11264K, used 9572K [0x00000000d5580000, 0x00000000d6600000, 0x0000000100000000)
  eden space 4608K, 100% used [0x00000000d5580000,0x00000000d5a00000,0x00000000d5a00000)
  from space 6656K, 74% used [0x00000000d5a00000,0x00000000d5ed9248,0x00000000d6080000)
  to   space 5632K, 0% used [0x00000000d6080000,0x00000000d6080000,0x00000000d6600000)
 ParOldGen       total 693248K, used 692749K [0x0000000080000000, 0x00000000aa500000, 0x00000000d5580000)
  object space 693248K, 99% used [0x0000000080000000,0x00000000aa4837f0,0x00000000aa500000)
 Metaspace       used 87912K, committed 89792K, reserved 1179648K
  class space    used 8760K, committed 9664K, reserved 1048576K
}
Event: 4494.199 GC heap after
{Heap after GC invocations=5562 (full 7):
 PSYoungGen      total 6656K, used 672K [0x00000000d5580000, 0x00000000d6180000, 0x0000000100000000)
  eden space 5632K, 0% used [0x00000000d5580000,0x00000000d5580000,0x00000000d5b00000)
  from space 1024K, 65% used [0x00000000d6080000,0x00000000d6128000,0x00000000d6180000)
  to   space 2560K, 0% used [0x00000000d5c80000,0x00000000d5c80000,0x00000000d5f00000)
 ParOldGen       total 693248K, used 692813K [0x0000000080000000, 0x00000000aa500000, 0x00000000d5580000)
  object space 693248K, 99% used [0x0000000080000000,0x00000000aa4937f0,0x00000000aa500000)
 Metaspace       used 87912K, committed 89792K, reserved 1179648K
  class space    used 8760K, committed 9664K, reserved 1048576K
}
Event: 4494.208 GC heap before
{Heap before GC invocations=5563 (full 7):
 PSYoungGen      total 6656K, used 5597K [0x00000000d5580000, 0x00000000d6180000, 0x0000000100000000)
  eden space 5632K, 87% used [0x00000000d5580000,0x00000000d5a4f548,0x00000000d5b00000)
  from space 1024K, 65% used [0x00000000d6080000,0x00000000d6128000,0x00000000d6180000)
  to   space 2560K, 0% used [0x00000000d5c80000,0x00000000d5c80000,0x00000000d5f00000)
 ParOldGen       total 693248K, used 692813K [0x0000000080000000, 0x00000000aa500000, 0x00000000d5580000)
  object space 693248K, 99% used [0x0000000080000000,0x00000000aa4937f0,0x00000000aa500000)
 Metaspace       used 87912K, committed 89792K, reserved 1179648K
  class space    used 8760K, committed 9664K, reserved 1048576K
}
Event: 4494.210 GC heap after
{Heap after GC invocations=5563 (full 7):
 PSYoungGen      total 9728K, used 224K [0x00000000d5580000, 0x00000000d6100000, 0x0000000100000000)
  eden space 7168K, 0% used [0x00000000d5580000,0x00000000d5580000,0x00000000d5c80000)
  from space 2560K, 8% used [0x00000000d5c80000,0x00000000d5cb8000,0x00000000d5f00000)
  to   space 1024K, 0% used [0x00000000d6000000,0x00000000d6000000,0x00000000d6100000)
 ParOldGen       total 693760K, used 693357K [0x0000000080000000, 0x00000000aa580000, 0x00000000d5580000)
  object space 693760K, 99% used [0x0000000080000000,0x00000000aa51b7f0,0x00000000aa580000)
 Metaspace       used 87912K, committed 89792K, reserved 1179648K
  class space    used 8760K, committed 9664K, reserved 1048576K
}
Event: 4494.224 GC heap before
{Heap before GC invocations=5564 (full 7):
 PSYoungGen      total 9728K, used 7379K [0x00000000d5580000, 0x00000000d6100000, 0x0000000100000000)
  eden space 7168K, 99% used [0x00000000d5580000,0x00000000d5c7cc28,0x00000000d5c80000)
  from space 2560K, 8% used [0x00000000d5c80000,0x00000000d5cb8000,0x00000000d5f00000)
  to   space 1024K, 0% used [0x00000000d6000000,0x00000000d6000000,0x00000000d6100000)
 ParOldGen       total 693760K, used 693357K [0x0000000080000000, 0x00000000aa580000, 0x00000000d5580000)
  object space 693760K, 99% used [0x0000000080000000,0x00000000aa51b7f0,0x00000000aa580000)
 Metaspace       used 87912K, committed 89792K, reserved 1179648K
  class space    used 8760K, committed 9664K, reserved 1048576K
}
Event: 4494.227 GC heap after
{Heap after GC invocations=5564 (full 7):
 PSYoungGen      total 8192K, used 518K [0x00000000d5580000, 0x00000000d6100000, 0x0000000100000000)
  eden space 7168K, 0% used [0x00000000d5580000,0x00000000d5580000,0x00000000d5c80000)
  from space 1024K, 50% used [0x00000000d6000000,0x00000000d6081918,0x00000000d6100000)
  to   space 1024K, 0% used [0x00000000d5f00000,0x00000000d5f00000,0x00000000d6000000)
 ParOldGen       total 695296K, used 694815K [0x0000000080000000, 0x00000000aa700000, 0x00000000d5580000)
  object space 695296K, 99% used [0x0000000080000000,0x00000000aa687cf0,0x00000000aa700000)
 Metaspace       used 87912K, committed 89792K, reserved 1179648K
  class space    used 8760K, committed 9664K, reserved 1048576K
}
Event: 4494.237 GC heap before
{Heap before GC invocations=5565 (full 7):
 PSYoungGen      total 8192K, used 6371K [0x00000000d5580000, 0x00000000d6100000, 0x0000000100000000)
  eden space 7168K, 81% used [0x00000000d5580000,0x00000000d5b37370,0x00000000d5c80000)
  from space 1024K, 50% used [0x00000000d6000000,0x00000000d6081918,0x00000000d6100000)
  to   space 1024K, 0% used [0x00000000d5f00000,0x00000000d5f00000,0x00000000d6000000)
 ParOldGen       total 695296K, used 694815K [0x0000000080000000, 0x00000000aa700000, 0x00000000d5580000)
  object space 695296K, 99% used [0x0000000080000000,0x00000000aa687cf0,0x00000000aa700000)
 Metaspace       used 87912K, committed 89792K, reserved 1179648K
  class space    used 8760K, committed 9664K, reserved 1048576K
}
Event: 4494.239 GC heap after
{Heap after GC invocations=5565 (full 7):
 PSYoungGen      total 8192K, used 160K [0x00000000d5580000, 0x00000000d6080000, 0x0000000100000000)
  eden space 7168K, 0% used [0x00000000d5580000,0x00000000d5580000,0x00000000d5c80000)
  from space 1024K, 15% used [0x00000000d5f00000,0x00000000d5f28000,0x00000000d6000000)
  to   space 512K, 0% used [0x00000000d6000000,0x00000000d6000000,0x00000000d6080000)
 ParOldGen       total 695296K, used 694839K [0x0000000080000000, 0x00000000aa700000, 0x00000000d5580000)
  object space 695296K, 99% used [0x0000000080000000,0x00000000aa68dcf0,0x00000000aa700000)
 Metaspace       used 87912K, committed 89792K, reserved 1179648K
  class space    used 8760K, committed 9664K, reserved 1048576K
}
Event: 4494.254 GC heap before
{Heap before GC invocations=5566 (full 7):
 PSYoungGen      total 8192K, used 7299K [0x00000000d5580000, 0x00000000d6080000, 0x0000000100000000)
  eden space 7168K, 99% used [0x00000000d5580000,0x00000000d5c78f88,0x00000000d5c80000)
  from space 1024K, 15% used [0x00000000d5f00000,0x00000000d5f28000,0x00000000d6000000)
  to   space 512K, 0% used [0x00000000d6000000,0x00000000d6000000,0x00000000d6080000)
 ParOldGen       total 695296K, used 694839K [0x0000000080000000, 0x00000000aa700000, 0x00000000d5580000)
  object space 695296K, 99% used [0x0000000080000000,0x00000000aa68dcf0,0x00000000aa700000)
 Metaspace       used 87912K, committed 89792K, reserved 1179648K
  class space    used 8760K, committed 9664K, reserved 1048576K
}
Event: 4494.257 GC heap after
{Heap after GC invocations=5566 (full 7):
 PSYoungGen      total 7680K, used 486K [0x00000000d5580000, 0x00000000d6180000, 0x0000000100000000)
  eden space 7168K, 0% used [0x00000000d5580000,0x00000000d5580000,0x00000000d5c80000)
  from space 512K, 94% used [0x00000000d6000000,0x00000000d6079938,0x00000000d6080000)
  to   space 2560K, 0% used [0x00000000d5c80000,0x00000000d5c80000,0x00000000d5f00000)
 ParOldGen       total 696832K, used 696312K [0x0000000080000000, 0x00000000aa880000, 0x00000000d5580000)
  object space 696832K, 99% used [0x0000000080000000,0x00000000aa7fe1f0,0x00000000aa880000)
 Metaspace       used 87912K, committed 89792K, reserved 1179648K
  class space    used 8760K, committed 9664K, reserved 1048576K
}
Event: 4494.270 GC heap before
{Heap before GC invocations=5567 (full 7):
 PSYoungGen      total 7680K, used 6260K [0x00000000d5580000, 0x00000000d6180000, 0x0000000100000000)
  eden space 7168K, 80% used [0x00000000d5580000,0x00000000d5b23898,0x00000000d5c80000)
  from space 512K, 94% used [0x00000000d6000000,0x00000000d6079938,0x00000000d6080000)
  to   space 2560K, 0% used [0x00000000d5c80000,0x00000000d5c80000,0x00000000d5f00000)
 ParOldGen       total 696832K, used 696312K [0x0000000080000000, 0x00000000aa880000, 0x00000000d5580000)
  object space 696832K, 99% used [0x0000000080000000,0x00000000aa7fe1f0,0x00000000aa880000)
 Metaspace       used 87912K, committed 89792K, reserved 1179648K
  class space    used 8760K, committed 9664K, reserved 1048576K
}
Event: 4494.272 GC heap after
{Heap after GC invocations=5567 (full 7):
 PSYoungGen      total 9728K, used 192K [0x00000000d5580000, 0x00000000d6080000, 0x0000000100000000)
  eden space 7168K, 0% used [0x00000000d5580000,0x00000000d5580000,0x00000000d5c80000)
  from space 2560K, 7% used [0x00000000d5c80000,0x00000000d5cb0000,0x00000000d5f00000)
  to   space 1024K, 0% used [0x00000000d5f80000,0x00000000d5f80000,0x00000000d6080000)
 ParOldGen       total 696832K, used 696312K [0x0000000080000000, 0x00000000aa880000, 0x00000000d5580000)
  object space 696832K, 99% used [0x0000000080000000,0x00000000aa7fe1f0,0x00000000aa880000)
 Metaspace       used 87912K, committed 89792K, reserved 1179648K
  class space    used 8760K, committed 9664K, reserved 1048576K
}
Event: 4494.285 GC heap before
{Heap before GC invocations=5568 (full 7):
 PSYoungGen      total 9728K, used 7360K [0x00000000d5580000, 0x00000000d6080000, 0x0000000100000000)
  eden space 7168K, 100% used [0x00000000d5580000,0x00000000d5c80000,0x00000000d5c80000)
  from space 2560K, 7% used [0x00000000d5c80000,0x00000000d5cb0000,0x00000000d5f00000)
  to   space 1024K, 0% used [0x00000000d5f80000,0x00000000d5f80000,0x00000000d6080000)
 ParOldGen       total 696832K, used 696312K [0x0000000080000000, 0x00000000aa880000, 0x00000000d5580000)
  object space 696832K, 99% used [0x0000000080000000,0x00000000aa7fe1f0,0x00000000aa880000)
 Metaspace       used 87912K, committed 89792K, reserved 1179648K
  class space    used 8760K, committed 9664K, reserved 1048576K
}
Event: 4494.288 GC heap after
{Heap after GC invocations=5568 (full 7):
 PSYoungGen      total 7680K, used 128K [0x00000000d5580000, 0x00000000d6000000, 0x0000000100000000)
  eden space 7168K, 0% used [0x00000000d5580000,0x00000000d5580000,0x00000000d5c80000)
  from space 512K, 25% used [0x00000000d5f80000,0x00000000d5fa0000,0x00000000d6000000)
  to   space 512K, 0% used [0x00000000d5f00000,0x00000000d5f00000,0x00000000d5f80000)
 ParOldGen       total 696832K, used 696321K [0x0000000080000000, 0x00000000aa880000, 0x00000000d5580000)
  object space 696832K, 99% used [0x0000000080000000,0x00000000aa800600,0x00000000aa880000)
 Metaspace       used 87912K, committed 89792K, reserved 1179648K
  class space    used 8760K, committed 9664K, reserved 1048576K
}
Event: 4494.479 GC heap before
{Heap before GC invocations=5569 (full 7):
 PSYoungGen      total 7680K, used 7296K [0x00000000d5580000, 0x00000000d6000000, 0x0000000100000000)
  eden space 7168K, 100% used [0x00000000d5580000,0x00000000d5c80000,0x00000000d5c80000)
  from space 512K, 25% used [0x00000000d5f80000,0x00000000d5fa0000,0x00000000d6000000)
  to   space 512K, 0% used [0x00000000d5f00000,0x00000000d5f00000,0x00000000d5f80000)
 ParOldGen       total 696832K, used 696321K [0x0000000080000000, 0x00000000aa880000, 0x00000000d5580000)
  object space 696832K, 99% used [0x0000000080000000,0x00000000aa800600,0x00000000aa880000)
 Metaspace       used 87912K, committed 89792K, reserved 1179648K
  class space    used 8760K, committed 9664K, reserved 1048576K
}

Dll operation events (12 events):
Event: 0.018 Loaded shared library c:\Users\Mehdiali\.vscode\extensions\redhat.java-1.54.0-win32-x64\jre\21.0.10-win32-x86_64\bin\java.dll
Event: 0.103 Loaded shared library c:\Users\Mehdiali\.vscode\extensions\redhat.java-1.54.0-win32-x64\jre\21.0.10-win32-x86_64\bin\zip.dll
Event: 0.135 Loaded shared library C:\Users\Mehdiali\.vscode\extensions\redhat.java-1.54.0-win32-x64\jre\21.0.10-win32-x86_64\bin\instrument.dll
Event: 0.140 Loaded shared library C:\Users\Mehdiali\.vscode\extensions\redhat.java-1.54.0-win32-x64\jre\21.0.10-win32-x86_64\bin\net.dll
Event: 0.142 Loaded shared library C:\Users\Mehdiali\.vscode\extensions\redhat.java-1.54.0-win32-x64\jre\21.0.10-win32-x86_64\bin\nio.dll
Event: 0.145 Loaded shared library C:\Users\Mehdiali\.vscode\extensions\redhat.java-1.54.0-win32-x64\jre\21.0.10-win32-x86_64\bin\zip.dll
Event: 0.165 Loaded shared library C:\Users\Mehdiali\.vscode\extensions\redhat.java-1.54.0-win32-x64\jre\21.0.10-win32-x86_64\bin\jimage.dll
Event: 0.252 Loaded shared library c:\Users\Mehdiali\.vscode\extensions\redhat.java-1.54.0-win32-x64\jre\21.0.10-win32-x86_64\bin\verify.dll
Event: 6.502 Loaded shared library C:\Users\Mehdiali\AppData\Roaming\Code\User\globalStorage\redhat.java\1.54.0\config_win\org.eclipse.equinox.launcher\org.eclipse.equinox.launcher.win32.win32.x86_64_1.3.0.v20260203-2149\eclipse_11919.dll
Event: 14.436 Loaded shared library C:\Users\Mehdiali\AppData\Local\Temp\jna--725990583\jna6534608050258711162.dll
Event: 142.954 Loaded shared library C:\Users\Mehdiali\.vscode\extensions\redhat.java-1.54.0-win32-x64\jre\21.0.10-win32-x86_64\bin\sunmscapi.dll
Event: 143.089 Loaded shared library C:\Users\Mehdiali\.vscode\extensions\redhat.java-1.54.0-win32-x64\jre\21.0.10-win32-x86_64\bin\extnet.dll

Deoptimization events (20 events):
Event: 4460.600 Thread 0x000001c3fe90dd20 Uncommon trap: trap_request=0xffffffde fr.pc=0x000001c3e7c2203c relative=0x00000000000005fc
Event: 4460.600 Thread 0x000001c3fe90dd20 Uncommon trap: reason=class_check action=maybe_recompile pc=0x000001c3e7c2203c method=org.eclipse.jdt.ls.core.internal.JDTUtils.isGenerated(Lorg/eclipse/jdt/core/IMember;)Z @ 3 c2
Event: 4460.600 Thread 0x000001c3fe90dd20 DEOPT PACKING pc=0x000001c3e7c2203c sp=0x0000007a8a9ff150
Event: 4460.600 Thread 0x000001c3fe90dd20 DEOPT UNPACKING pc=0x000001c3e70a3aa2 sp=0x0000007a8a9ff0f0 mode 2
Event: 4476.028 Thread 0x000001c3fe910480 DEOPT PACKING pc=0x000001c3e239d6b0 sp=0x0000007a8cdfebd0
Event: 4476.028 Thread 0x000001c3fe910480 DEOPT UNPACKING pc=0x000001c3e70a4242 sp=0x0000007a8cdfe0c0 mode 0
Event: 4491.008 Thread 0x000001c3fceef600 DEOPT PACKING pc=0x000001c3e041587d sp=0x0000007a8cafd830
Event: 4491.009 Thread 0x000001c3fceef600 DEOPT UNPACKING pc=0x000001c3e70a4242 sp=0x0000007a8cafccb8 mode 0
Event: 4494.062 Thread 0x000001c3fceed530 Uncommon trap: trap_request=0xffffffd6 fr.pc=0x000001c3e79578e8 relative=0x0000000000000928
Event: 4494.062 Thread 0x000001c3fceed530 Uncommon trap: reason=array_check action=maybe_recompile pc=0x000001c3e79578e8 method=java.util.AbstractCollection.toArray([Ljava/lang/Object;)[Ljava/lang/Object; @ 116 c2
Event: 4494.062 Thread 0x000001c3fceed530 DEOPT PACKING pc=0x000001c3e79578e8 sp=0x0000007a8dcfe2d0
Event: 4494.062 Thread 0x000001c3fceed530 DEOPT UNPACKING pc=0x000001c3e70a3aa2 sp=0x0000007a8dcfe208 mode 2
Event: 4494.135 Thread 0x000001c3fe90f0d0 Uncommon trap: trap_request=0xffffff45 fr.pc=0x000001c3e8a5e294 relative=0x0000000000000654
Event: 4494.136 Thread 0x000001c3fe90f0d0 Uncommon trap: reason=unstable_if action=reinterpret pc=0x000001c3e8a5e294 method=org.eclipse.jdt.internal.compiler.lookup.Scope.getBaseType([C)Lorg/eclipse/jdt/internal/compiler/lookup/TypeBinding; @ 17 c2
Event: 4494.136 Thread 0x000001c3fe90f0d0 DEOPT PACKING pc=0x000001c3e8a5e294 sp=0x0000007a8cefdbf0
Event: 4494.136 Thread 0x000001c3fe90f0d0 DEOPT UNPACKING pc=0x000001c3e70a3aa2 sp=0x0000007a8cefdb80 mode 2
Event: 4494.151 Thread 0x000001c3fceef600 Uncommon trap: trap_request=0xffffffd6 fr.pc=0x000001c3e7ffcd28 relative=0x00000000000078a8
Event: 4494.151 Thread 0x000001c3fceef600 Uncommon trap: reason=array_check action=maybe_recompile pc=0x000001c3e7ffcd28 method=org.eclipse.jdt.internal.core.util.ClassFileReader.<init>([BI)V @ 1341 c2
Event: 4494.151 Thread 0x000001c3fceef600 DEOPT PACKING pc=0x000001c3e7ffcd28 sp=0x0000007a8cafdd40
Event: 4494.151 Thread 0x000001c3fceef600 DEOPT UNPACKING pc=0x000001c3e70a3aa2 sp=0x0000007a8cafdd58 mode 2

Classes loaded (20 events):
Event: 320.097 Loading class java/util/stream/Nodes$ConcNode
Event: 320.097 Loading class java/util/stream/Nodes$AbstractConcNode
Event: 320.097 Loading class java/util/stream/Nodes$AbstractConcNode done
Event: 320.097 Loading class java/util/stream/Nodes$ConcNode done
Event: 320.106 Loading class java/util/stream/Nodes$ToArrayTask$OfRef
Event: 320.106 Loading class java/util/stream/Nodes$ToArrayTask
Event: 320.106 Loading class java/util/stream/Nodes$ToArrayTask done
Event: 320.106 Loading class java/util/stream/Nodes$ToArrayTask$OfRef done
Event: 320.107 Loading class java/io/ObjectOutputStream$BlockDataOutputStream
Event: 320.108 Loading class java/io/ObjectOutputStream$BlockDataOutputStream done
Event: 320.108 Loading class java/io/ObjectOutputStream$HandleTable
Event: 320.108 Loading class java/io/ObjectOutputStream$HandleTable done
Event: 320.108 Loading class java/io/ObjectOutputStream$ReplaceTable
Event: 320.108 Loading class java/io/ObjectOutputStream$ReplaceTable done
Event: 532.342 Loading class java/nio/file/Files$2
Event: 532.342 Loading class java/nio/file/Files$2 done
Event: 781.819 Loading class java/util/stream/ReferencePipeline$15
Event: 781.819 Loading class java/util/stream/ReferencePipeline$15 done
Event: 781.819 Loading class java/util/stream/ReferencePipeline$15$1
Event: 781.819 Loading class java/util/stream/ReferencePipeline$15$1 done

Classes unloaded (20 events):
Event: 3582.618 Thread 0x000001c3dc9c0a70 Unloading class 0x000001c381016400 'java/lang/invoke/LambdaForm$MH+0x000001c381016400'
Event: 3582.618 Thread 0x000001c3dc9c0a70 Unloading class 0x000001c381014800 'java/lang/invoke/LambdaForm$MH+0x000001c381014800'
Event: 3582.618 Thread 0x000001c3dc9c0a70 Unloading class 0x000001c38100d800 'java/lang/invoke/LambdaForm$MH+0x000001c38100d800'
Event: 3582.618 Thread 0x000001c3dc9c0a70 Unloading class 0x000001c38100d400 'java/lang/invoke/LambdaForm$MH+0x000001c38100d400'
Event: 3582.618 Thread 0x000001c3dc9c0a70 Unloading class 0x000001c38100d000 'java/lang/invoke/LambdaForm$MH+0x000001c38100d000'
Event: 3582.618 Thread 0x000001c3dc9c0a70 Unloading class 0x000001c38100cc00 'java/lang/invoke/LambdaForm$MH+0x000001c38100cc00'
Event: 3582.618 Thread 0x000001c3dc9c0a70 Unloading class 0x000001c38100c800 'java/lang/invoke/LambdaForm$BMH+0x000001c38100c800'
Event: 3582.618 Thread 0x000001c3dc9c0a70 Unloading class 0x000001c38100c000 'java/lang/invoke/LambdaForm$DMH+0x000001c38100c000'
Event: 3582.618 Thread 0x000001c3dc9c0a70 Unloading class 0x000001c381008c00 'java/lang/invoke/LambdaForm$MH+0x000001c381008c00'
Event: 3582.618 Thread 0x000001c3dc9c0a70 Unloading class 0x000001c381008800 'java/lang/invoke/LambdaForm$MH+0x000001c381008800'
Event: 3582.618 Thread 0x000001c3dc9c0a70 Unloading class 0x000001c381008400 'java/lang/invoke/LambdaForm$MH+0x000001c381008400'
Event: 3582.618 Thread 0x000001c3dc9c0a70 Unloading class 0x000001c381007000 'java/lang/invoke/LambdaForm$MH+0x000001c381007000'
Event: 3582.618 Thread 0x000001c3dc9c0a70 Unloading class 0x000001c381006800 'java/lang/invoke/LambdaForm$MH+0x000001c381006800'
Event: 3582.618 Thread 0x000001c3dc9c0a70 Unloading class 0x000001c381006400 'java/lang/invoke/LambdaForm$MH+0x000001c381006400'
Event: 3582.618 Thread 0x000001c3dc9c0a70 Unloading class 0x000001c381006000 'java/lang/invoke/LambdaForm$MH+0x000001c381006000'
Event: 3582.618 Thread 0x000001c3dc9c0a70 Unloading class 0x000001c381005c00 'java/lang/invoke/LambdaForm$BMH+0x000001c381005c00'
Event: 3582.618 Thread 0x000001c3dc9c0a70 Unloading class 0x000001c381004800 'java/lang/invoke/LambdaForm$DMH+0x000001c381004800'
Event: 3582.618 Thread 0x000001c3dc9c0a70 Unloading class 0x000001c381002400 'java/lang/invoke/LambdaForm$MH+0x000001c381002400'
Event: 3582.618 Thread 0x000001c3dc9c0a70 Unloading class 0x000001c381002000 'java/lang/invoke/LambdaForm$MH+0x000001c381002000'
Event: 3582.618 Thread 0x000001c3dc9c0a70 Unloading class 0x000001c381001800 'java/lang/invoke/LambdaForm$MH+0x000001c381001800'

Classes redefined (0 events):
No events

Internal exceptions (20 events):
Event: 4363.864 Thread 0x000001c3f9ad8ca0 Exception <a 'sun/nio/fs/WindowsException'{0x00000000d570f1c8}> (0x00000000d570f1c8) 
thrown [s\src\hotspot\share\prims\jni.cpp, line 520]
Event: 4364.018 Thread 0x000001c3f9ad8ca0 Exception <a 'sun/nio/fs/WindowsException'{0x00000000d56c43b8}> (0x00000000d56c43b8) 
thrown [s\src\hotspot\share\prims\jni.cpp, line 520]
Event: 4396.257 Thread 0x000001c3fe90dd20 Exception <a 'sun/nio/fs/WindowsException'{0x00000000d5586728}> (0x00000000d5586728) 
thrown [s\src\hotspot\share\prims\jni.cpp, line 520]
Event: 4396.257 Thread 0x000001c3fe90dd20 Exception <a 'sun/nio/fs/WindowsException'{0x00000000d5586d58}> (0x00000000d5586d58) 
thrown [s\src\hotspot\share\prims\jni.cpp, line 520]
Event: 4406.140 Thread 0x000001c3f9ad8ca0 Exception <a 'sun/nio/fs/WindowsException'{0x00000000d56879e0}> (0x00000000d56879e0) 
thrown [s\src\hotspot\share\prims\jni.cpp, line 520]
Event: 4406.243 Thread 0x000001c3f9ad8ca0 Exception <a 'sun/nio/fs/WindowsException'{0x00000000d5610028}> (0x00000000d5610028) 
thrown [s\src\hotspot\share\prims\jni.cpp, line 520]
Event: 4426.840 Thread 0x000001c3f9ad8ca0 Exception <a 'sun/nio/fs/WindowsException'{0x00000000d55c56d8}> (0x00000000d55c56d8) 
thrown [s\src\hotspot\share\prims\jni.cpp, line 520]
Event: 4426.921 Thread 0x000001c3f9ad8ca0 Exception <a 'sun/nio/fs/WindowsException'{0x00000000d5611588}> (0x00000000d5611588) 
thrown [s\src\hotspot\share\prims\jni.cpp, line 520]
Event: 4429.297 Thread 0x000001c3fe90dd20 Implicit null exception at 0x000001c3e83d9a18 to 0x000001c3e83daf40
Event: 4429.297 Thread 0x000001c3fe90dd20 Implicit null exception at 0x000001c3e7855112 to 0x000001c3e78551b9
Event: 4431.921 Thread 0x000001c3f9ad8ca0 Exception <a 'sun/nio/fs/WindowsException'{0x00000000d55dd0c8}> (0x00000000d55dd0c8) 
thrown [s\src\hotspot\share\prims\jni.cpp, line 520]
Event: 4431.981 Thread 0x000001c3f9ad8ca0 Exception <a 'sun/nio/fs/WindowsException'{0x00000000d570de88}> (0x00000000d570de88) 
thrown [s\src\hotspot\share\prims\jni.cpp, line 520]
Event: 4452.769 Thread 0x000001c3f9ad8ca0 Exception <a 'sun/nio/fs/WindowsException'{0x00000000d56a5110}> (0x00000000d56a5110) 
thrown [s\src\hotspot\share\prims\jni.cpp, line 520]
Event: 4452.821 Thread 0x000001c3f9ad8ca0 Exception <a 'sun/nio/fs/WindowsException'{0x00000000d56c79d8}> (0x00000000d56c79d8) 
thrown [s\src\hotspot\share\prims\jni.cpp, line 520]
Event: 4457.250 Thread 0x000001c3f9ad8ca0 Exception <a 'sun/nio/fs/WindowsException'{0x00000000d56a5fe8}> (0x00000000d56a5fe8) 
thrown [s\src\hotspot\share\prims\jni.cpp, line 520]
Event: 4457.327 Thread 0x000001c3f9ad8ca0 Exception <a 'sun/nio/fs/WindowsException'{0x00000000d56347b0}> (0x00000000d56347b0) 
thrown [s\src\hotspot\share\prims\jni.cpp, line 520]
Event: 4476.172 Thread 0x000001c3f9ad8ca0 Exception <a 'sun/nio/fs/WindowsException'{0x00000000d575ac10}> (0x00000000d575ac10) 
thrown [s\src\hotspot\share\prims\jni.cpp, line 520]
Event: 4476.227 Thread 0x000001c3f9ad8ca0 Exception <a 'sun/nio/fs/WindowsException'{0x00000000d583a748}> (0x00000000d583a748) 
thrown [s\src\hotspot\share\prims\jni.cpp, line 520]
Event: 4483.914 Thread 0x000001c3f9ad8ca0 Exception <a 'sun/nio/fs/WindowsException'{0x00000000d567eeb0}> (0x00000000d567eeb0) 
thrown [s\src\hotspot\share\prims\jni.cpp, line 520]
Event: 4483.977 Thread 0x000001c3f9ad8ca0 Exception <a 'sun/nio/fs/WindowsException'{0x00000000d5722ab8}> (0x00000000d5722ab8) 
thrown [s\src\hotspot\share\prims\jni.cpp, line 520]

ZGC Phase Switch (0 events):
No events

VM Operations (20 events):
Event: 4494.169 Executing safepoint VM operation: ParallelGCFailedAllocation (Allocation Failure) done
Event: 4494.180 Executing safepoint VM operation: ParallelGCFailedAllocation (Allocation Failure)
Event: 4494.182 Executing safepoint VM operation: ParallelGCFailedAllocation (Allocation Failure) done
Event: 4494.185 Executing safepoint VM operation: ParallelGCFailedAllocation (Allocation Failure)
Event: 4494.188 Executing safepoint VM operation: ParallelGCFailedAllocation (Allocation Failure) done
Event: 4494.198 Executing safepoint VM operation: ParallelGCFailedAllocation (Allocation Failure)
Event: 4494.199 Executing safepoint VM operation: ParallelGCFailedAllocation (Allocation Failure) done
Event: 4494.208 Executing safepoint VM operation: ParallelGCFailedAllocation (Allocation Failure)
Event: 4494.210 Executing safepoint VM operation: ParallelGCFailedAllocation (Allocation Failure) done
Event: 4494.224 Executing safepoint VM operation: ParallelGCFailedAllocation (Allocation Failure)
Event: 4494.227 Executing safepoint VM operation: ParallelGCFailedAllocation (Allocation Failure) done
Event: 4494.237 Executing safepoint VM operation: ParallelGCFailedAllocation (Allocation Failure)
Event: 4494.239 Executing safepoint VM operation: ParallelGCFailedAllocation (Allocation Failure) done
Event: 4494.254 Executing safepoint VM operation: ParallelGCFailedAllocation (Allocation Failure)
Event: 4494.257 Executing safepoint VM operation: ParallelGCFailedAllocation (Allocation Failure) done
Event: 4494.270 Executing safepoint VM operation: ParallelGCFailedAllocation (Allocation Failure)
Event: 4494.272 Executing safepoint VM operation: ParallelGCFailedAllocation (Allocation Failure) done
Event: 4494.285 Executing safepoint VM operation: ParallelGCFailedAllocation (Allocation Failure)
Event: 4494.288 Executing safepoint VM operation: ParallelGCFailedAllocation (Allocation Failure) done
Event: 4494.479 Executing safepoint VM operation: ParallelGCFailedAllocation (Allocation Failure)

Memory protections (0 events):
No events

Nmethod flushes (20 events):
Event: 3582.654 Thread 0x000001c3dc9c0a70 flushing  nmethod 0x000001c3e27e9090
Event: 3582.654 Thread 0x000001c3dc9c0a70 flushing  nmethod 0x000001c3e27ef690
Event: 3582.654 Thread 0x000001c3dc9c0a70 flushing  nmethod 0x000001c3e2812010
Event: 3582.654 Thread 0x000001c3dc9c0a70 flushing  nmethod 0x000001c3e281ad10
Event: 3582.654 Thread 0x000001c3dc9c0a70 flushing  nmethod 0x000001c3e2847890
Event: 3582.654 Thread 0x000001c3dc9c0a70 flushing  nmethod 0x000001c3e2884910
Event: 3582.654 Thread 0x000001c3dc9c0a70 flushing  nmethod 0x000001c3e2884d90
Event: 3582.654 Thread 0x000001c3dc9c0a70 flushing  nmethod 0x000001c3e288c410
Event: 3582.654 Thread 0x000001c3dc9c0a70 flushing  nmethod 0x000001c3e28a0a10
Event: 3582.654 Thread 0x000001c3dc9c0a70 flushing  nmethod 0x000001c3e28ab090
Event: 3582.654 Thread 0x000001c3dc9c0a70 flushing  nmethod 0x000001c3e28ae910
Event: 3582.654 Thread 0x000001c3dc9c0a70 flushing  nmethod 0x000001c3e28c0e10
Event: 3582.654 Thread 0x000001c3dc9c0a70 flushing  nmethod 0x000001c3e28cdd10
Event: 3582.654 Thread 0x000001c3dc9c0a70 flushing  nmethod 0x000001c3e28e3090
Event: 3582.654 Thread 0x000001c3dc9c0a70 flushing  nmethod 0x000001c3e292a010
Event: 3582.654 Thread 0x000001c3dc9c0a70 flushing  nmethod 0x000001c3e293bb90
Event: 3582.654 Thread 0x000001c3dc9c0a70 flushing  nmethod 0x000001c3e293fc10
Event: 3582.654 Thread 0x000001c3dc9c0a70 flushing  nmethod 0x000001c3e2944e90
Event: 3582.654 Thread 0x000001c3dc9c0a70 flushing  nmethod 0x000001c3e295c890
Event: 3582.654 Thread 0x000001c3dc9c0a70 flushing  nmethod 0x000001c3e2981090

Events (20 events):
Event: 4232.058 Thread 0x000001c3fe90f0d0 Thread exited: 0x000001c3fe90f0d0
Event: 4232.058 Thread 0x000001c3fe910b10 Thread added: 0x000001c3fe90f0d0
Event: 4232.058 Thread 0x000001c3fe90f0d0 Thread added: 0x000001c3fe90fdf0
Event: 4232.059 Thread 0x000001c3fe90f0d0 Thread added: 0x000001c3fceee250
Event: 4232.059 Thread 0x000001c3fceee250 Thread exited: 0x000001c3fceee250
Event: 4232.059 Thread 0x000001c3fe90fdf0 Thread exited: 0x000001c3fe90fdf0
Event: 4232.059 Thread 0x000001c3fe90f0d0 Thread exited: 0x000001c3fe90f0d0
Event: 4296.207 Thread 0x000001c3ff38fa60 Thread exited: 0x000001c3ff38fa60
Event: 4296.207 Thread 0x000001c3fe910b10 Thread exited: 0x000001c3fe910b10
Event: 4327.468 Thread 0x000001c3fe90c970 Thread exited: 0x000001c3fe90c970
Event: 4353.562 Thread 0x000001c3fe90f760 Thread added: 0x000001c3fceee250
Event: 4406.265 Thread 0x000001c3fe910480 Thread added: 0x000001c3fceee8e0
Event: 4456.438 Thread 0x000001c3fceed530 Thread added: 0x000001c3fceef600
Event: 4457.318 Thread 0x000001c3fe90a8a0 Thread added: 0x000001c3fceefc90
Event: 4460.418 Thread 0x000001c3f33a0200 Thread added: 0x000001c3fdf346f0
Event: 4460.599 Thread 0x000001c3fdf346f0 Thread exited: 0x000001c3fdf346f0
Event: 4492.020 Thread 0x000001c3fceed530 Thread added: 0x000001c3fe90f0d0
Event: 4492.025 Thread 0x000001c3f903b150 Thread added: 0x000001c3fdf346f0
Event: 4494.081 Thread 0x000001c3fceee8e0 Thread added: 0x000001c3fe90fdf0
Event: 4494.122 Thread 0x000001c3fe90fdf0 Thread added: 0x000001c3fe90c970


Dynamic libraries:
0x00007ff7d1260000 - 0x00007ff7d126e000 	c:\Users\Mehdiali\.vscode\extensions\redhat.java-1.54.0-win32-x64\jre\21.0.10-win32-x86_64\bin\java.exe
0x00007ff869380000 - 0x00007ff8695e6000 	C:\WINDOWS\SYSTEM32\ntdll.dll
0x00007ff867b80000 - 0x00007ff867c49000 	C:\WINDOWS\System32\KERNEL32.DLL
0x00007ff866ac0000 - 0x00007ff866eba000 	C:\WINDOWS\System32\KERNELBASE.dll
0x00007ff866640000 - 0x00007ff86678c000 	C:\WINDOWS\System32\ucrtbase.dll
0x00007fff8d610000 - 0x00007fff8d628000 	c:\Users\Mehdiali\.vscode\extensions\redhat.java-1.54.0-win32-x64\jre\21.0.10-win32-x86_64\bin\jli.dll
0x00007ff869170000 - 0x00007ff869337000 	C:\WINDOWS\System32\USER32.dll
0x00007fff8d5f0000 - 0x00007fff8d60e000 	c:\Users\Mehdiali\.vscode\extensions\redhat.java-1.54.0-win32-x64\jre\21.0.10-win32-x86_64\bin\VCRUNTIME140.dll
0x00007ff866610000 - 0x00007ff866637000 	C:\WINDOWS\System32\win32u.dll
0x00007ff867dc0000 - 0x00007ff867deb000 	C:\WINDOWS\System32\GDI32.dll
0x00007ff8567f0000 - 0x00007ff856a82000 	C:\WINDOWS\WinSxS\amd64_microsoft.windows.common-controls_6595b64144ccf1df_6.0.26100.8521_none_3e08b75ce33403b3\COMCTL32.dll
0x00007ff868630000 - 0x00007ff8686d9000 	C:\WINDOWS\System32\msvcrt.dll
0x00007ff866840000 - 0x00007ff86696b000 	C:\WINDOWS\System32\gdi32full.dll
0x00007ff866ec0000 - 0x00007ff866f63000 	C:\WINDOWS\System32\msvcp_win.dll
0x00007ff8690a0000 - 0x00007ff8690d2000 	C:\WINDOWS\System32\IMM32.DLL
0x00007fffc4600000 - 0x00007fffc460c000 	c:\Users\Mehdiali\.vscode\extensions\redhat.java-1.54.0-win32-x64\jre\21.0.10-win32-x86_64\bin\vcruntime140_1.dll
0x00007fff8d560000 - 0x00007fff8d5ed000 	c:\Users\Mehdiali\.vscode\extensions\redhat.java-1.54.0-win32-x64\jre\21.0.10-win32-x86_64\bin\msvcp140.dll
0x00007fff8c7b0000 - 0x00007fff8d551000 	c:\Users\Mehdiali\.vscode\extensions\redhat.java-1.54.0-win32-x64\jre\21.0.10-win32-x86_64\bin\server\jvm.dll
0x00007ff8686e0000 - 0x00007ff868796000 	C:\WINDOWS\System32\ADVAPI32.dll
0x00007ff867580000 - 0x00007ff86762a000 	C:\WINDOWS\System32\sechost.dll
0x00007ff868a40000 - 0x00007ff868b58000 	C:\WINDOWS\System32\RPCRT4.dll
0x00007ff8690e0000 - 0x00007ff869160000 	C:\WINDOWS\System32\WS2_32.dll
0x00007ff866470000 - 0x00007ff8664ce000 	C:\WINDOWS\SYSTEM32\POWRPROF.dll
0x00007ff856bf0000 - 0x00007ff856c26000 	C:\WINDOWS\SYSTEM32\WINMM.dll
0x00007ff85eff0000 - 0x00007ff85effb000 	C:\WINDOWS\SYSTEM32\VERSION.dll
0x00007ff866450000 - 0x00007ff866464000 	C:\WINDOWS\SYSTEM32\UMPDC.dll
0x00007ff8653a0000 - 0x00007ff8653bb000 	C:\WINDOWS\SYSTEM32\kernel.appcore.dll
0x00007fffaa4c0000 - 0x00007fffaa4ca000 	c:\Users\Mehdiali\.vscode\extensions\redhat.java-1.54.0-win32-x64\jre\21.0.10-win32-x86_64\bin\jimage.dll
0x00007ff856d50000 - 0x00007ff856f92000 	C:\WINDOWS\SYSTEM32\DBGHELP.DLL
0x00007ff867630000 - 0x00007ff8679b3000 	C:\WINDOWS\System32\combase.dll
0x00007ff8687b0000 - 0x00007ff868889000 	C:\WINDOWS\System32\OLEAUT32.dll
0x00007ff8551c0000 - 0x00007ff8551fb000 	C:\WINDOWS\SYSTEM32\dbgcore.DLL
0x00007ff866790000 - 0x00007ff866838000 	C:\WINDOWS\System32\bcryptPrimitives.dll
0x00007fffa9fb0000 - 0x00007fffa9fbf000 	c:\Users\Mehdiali\.vscode\extensions\redhat.java-1.54.0-win32-x64\jre\21.0.10-win32-x86_64\bin\instrument.dll
0x00007fff8c790000 - 0x00007fff8c7b0000 	c:\Users\Mehdiali\.vscode\extensions\redhat.java-1.54.0-win32-x64\jre\21.0.10-win32-x86_64\bin\java.dll
0x00007ff867e00000 - 0x00007ff868584000 	C:\WINDOWS\System32\SHELL32.dll
0x00007ff864220000 - 0x00007ff864aa0000 	C:\WINDOWS\SYSTEM32\windows.storage.dll
0x00007ff868890000 - 0x00007ff868986000 	C:\WINDOWS\System32\SHCORE.dll
0x00007ff867c50000 - 0x00007ff867cb7000 	C:\WINDOWS\System32\shlwapi.dll
0x00007ff866530000 - 0x00007ff866559000 	C:\WINDOWS\SYSTEM32\profapi.dll
0x00007fff8c600000 - 0x00007fff8c618000 	c:\Users\Mehdiali\.vscode\extensions\redhat.java-1.54.0-win32-x64\jre\21.0.10-win32-x86_64\bin\zip.dll
0x00007fffa5750000 - 0x00007fffa5760000 	C:\Users\Mehdiali\.vscode\extensions\redhat.java-1.54.0-win32-x64\jre\21.0.10-win32-x86_64\bin\net.dll
0x00007ff860490000 - 0x00007ff8605b9000 	C:\WINDOWS\SYSTEM32\WINHTTP.dll
0x00007ff865910000 - 0x00007ff86597c000 	C:\WINDOWS\system32\mswsock.dll
0x00007fff8c4f0000 - 0x00007fff8c506000 	C:\Users\Mehdiali\.vscode\extensions\redhat.java-1.54.0-win32-x64\jre\21.0.10-win32-x86_64\bin\nio.dll
0x00007fff8c070000 - 0x00007fff8c080000 	c:\Users\Mehdiali\.vscode\extensions\redhat.java-1.54.0-win32-x64\jre\21.0.10-win32-x86_64\bin\verify.dll
0x00007fff926c0000 - 0x00007fff92705000 	C:\Users\Mehdiali\AppData\Roaming\Code\User\globalStorage\redhat.java\1.54.0\config_win\org.eclipse.equinox.launcher\org.eclipse.equinox.launcher.win32.win32.x86_64_1.3.0.v20260203-2149\eclipse_11919.dll
0x00007ff868f00000 - 0x00007ff869098000 	C:\WINDOWS\System32\ole32.dll
0x00007ff865bf0000 - 0x00007ff865c0b000 	C:\WINDOWS\SYSTEM32\CRYPTSP.dll
0x00007ff865300000 - 0x00007ff865339000 	C:\WINDOWS\system32\rsaenh.dll
0x00007ff8659c0000 - 0x00007ff8659f3000 	C:\WINDOWS\SYSTEM32\USERENV.dll
0x00007ff866500000 - 0x00007ff86652a000 	C:\WINDOWS\SYSTEM32\bcrypt.dll
0x00007ff865c10000 - 0x00007ff865c1c000 	C:\WINDOWS\SYSTEM32\CRYPTBASE.dll
0x00007ff864db0000 - 0x00007ff864de3000 	C:\WINDOWS\SYSTEM32\IPHLPAPI.DLL
0x00007ff868d70000 - 0x00007ff868d7a000 	C:\WINDOWS\System32\NSI.dll
0x00007fff92620000 - 0x00007fff92669000 	C:\Users\Mehdiali\AppData\Local\Temp\jna--725990583\jna6534608050258711162.dll
0x00007ff8687a0000 - 0x00007ff8687a8000 	C:\WINDOWS\System32\PSAPI.DLL
0x00007ff860170000 - 0x00007ff86018d000 	C:\WINDOWS\SYSTEM32\dhcpcsvc6.DLL
0x00007ff860140000 - 0x00007ff860165000 	C:\WINDOWS\SYSTEM32\dhcpcsvc.DLL
0x00007ff8497b0000 - 0x00007ff8497be000 	C:\Users\Mehdiali\.vscode\extensions\redhat.java-1.54.0-win32-x64\jre\21.0.10-win32-x86_64\bin\sunmscapi.dll
0x00007ff866f70000 - 0x00007ff8670e8000 	C:\WINDOWS\System32\CRYPT32.dll
0x00007ff865e10000 - 0x00007ff865e40000 	C:\WINDOWS\SYSTEM32\ncrypt.dll
0x00007ff865dc0000 - 0x00007ff865dff000 	C:\WINDOWS\SYSTEM32\NTASN1.dll
0x00007ff864df0000 - 0x00007ff864f3a000 	C:\WINDOWS\SYSTEM32\DNSAPI.dll
0x00007ff865730000 - 0x00007ff86573d000 	C:\WINDOWS\SYSTEM32\DSPARSE.dll
0x00007ff858fd0000 - 0x00007ff858fdb000 	C:\Windows\System32\rasadhlp.dll
0x00007ff85ef60000 - 0x00007ff85efe6000 	C:\WINDOWS\System32\fwpuclnt.dll
0x00007ff82ddf0000 - 0x00007ff82ddf9000 	C:\Users\Mehdiali\.vscode\extensions\redhat.java-1.54.0-win32-x64\jre\21.0.10-win32-x86_64\bin\extnet.dll

JVMTI agents:
c:\Users\Mehdiali\.vscode\extensions\redhat.java-1.54.0-win32-x64\lombok\lombok-1.18.39-4050.jar path:c:\Users\Mehdiali\.vscode\extensions\redhat.java-1.54.0-win32-x64\jre\21.0.10-win32-x86_64\bin\instrument.dll, loaded, initialized, instrumentlib options:none

dbghelp: loaded successfully - version: 4.0.5 - missing functions: none
symbol engine: initialized successfully - sym options: 0x614 - pdb path: .;c:\Users\Mehdiali\.vscode\extensions\redhat.java-1.54.0-win32-x64\jre\21.0.10-win32-x86_64\bin;C:\WINDOWS\SYSTEM32;C:\WINDOWS\WinSxS\amd64_microsoft.windows.common-controls_6595b64144ccf1df_6.0.26100.8521_none_3e08b75ce33403b3;c:\Users\Mehdiali\.vscode\extensions\redhat.java-1.54.0-win32-x64\jre\21.0.10-win32-x86_64\bin\server;C:\Users\Mehdiali\AppData\Roaming\Code\User\globalStorage\redhat.java\1.54.0\config_win\org.eclipse.equinox.launcher\org.eclipse.equinox.launcher.win32.win32.x86_64_1.3.0.v20260203-2149;C:\Users\Mehdiali\AppData\Local\Temp\jna--725990583

VM Arguments:
jvm_args: --add-modules=ALL-SYSTEM --add-opens=java.base/java.util=ALL-UNNAMED --add-opens=java.base/java.lang=ALL-UNNAMED --add-opens=java.base/sun.nio.fs=ALL-UNNAMED -Declipse.application=org.eclipse.jdt.ls.core.id1 -Dosgi.bundles.defaultStartLevel=4 -Declipse.product=org.eclipse.jdt.ls.core.product -Djava.import.generatesMetadataFilesAtProjectRoot=false -DDetectVMInstallationsJob.disabled=true -Dfile.encoding=utf8 -XX:+UseParallelGC -XX:GCTimeRatio=4 -XX:AdaptiveSizePolicyWeight=90 -Dsun.zip.disableMemoryMapping=true -Xmx2G -Xms100m -Xlog:disable -javaagent:c:\Users\Mehdiali\.vscode\extensions\redhat.java-1.54.0-win32-x64\lombok\lombok-1.18.39-4050.jar -XX:+HeapDumpOnOutOfMemoryError -XX:HeapDumpPath=c:\Users\Mehdiali\AppData\Roaming\Code\User\workspaceStorage\232fe7e5a51645d976f0662a88af09df\redhat.java -Daether.dependencyCollector.impl=bf 
java_command: c:\Users\Mehdiali\.vscode\extensions\redhat.java-1.54.0-win32-x64\server\plugins\org.eclipse.equinox.launcher_1.7.100.v20251111-0406.jar -configuration c:\Users\Mehdiali\AppData\Roaming\Code\User\globalStorage\redhat.java\1.54.0\config_win -data c:\Users\Mehdiali\AppData\Roaming\Code\User\workspaceStorage\232fe7e5a51645d976f0662a88af09df\redhat.java\jdt_ws --pipe=\\.\pipe\lsp-f2e0aad3acb0666ad74fbc64557f3def-sock
java_class_path (initial): c:\Users\Mehdiali\.vscode\extensions\redhat.java-1.54.0-win32-x64\server\plugins\org.eclipse.equinox.launcher_1.7.100.v20251111-0406.jar
Launcher Type: SUN_STANDARD

[Global flags]
    uintx AdaptiveSizePolicyWeight                 = 90                                        {product} {command line}
     intx CICompilerCount                          = 4                                         {product} {ergonomic}
    uintx GCTimeRatio                              = 4                                         {product} {command line}
     bool HeapDumpOnOutOfMemoryError               = true                                   {manageable} {command line}
    ccstr HeapDumpPath                             = c:\Users\Mehdiali\AppData\Roaming\Code\User\workspaceStorage\232fe7e5a51645d976f0662a88af09df\redhat.java         {manageable} {command line}
   size_t InitialHeapSize                          = 104857600                                 {product} {command line}
   size_t MaxHeapSize                              = 2147483648                                {product} {command line}
   size_t MaxNewSize                               = 715653120                                 {product} {ergonomic}
   size_t MinHeapDeltaBytes                        = 524288                                    {product} {ergonomic}
   size_t MinHeapSize                              = 104857600                                 {product} {command line}
   size_t NewSize                                  = 34603008                                  {product} {ergonomic}
    uintx NonNMethodCodeHeapSize                   = 5839372                                {pd product} {ergonomic}
    uintx NonProfiledCodeHeapSize                  = 122909434                              {pd product} {ergonomic}
   size_t OldSize                                  = 70254592                                  {product} {ergonomic}
    uintx ProfiledCodeHeapSize                     = 122909434                              {pd product} {ergonomic}
    uintx ReservedCodeCacheSize                    = 251658240                              {pd product} {ergonomic}
     bool SegmentedCodeCache                       = true                                      {product} {ergonomic}
   size_t SoftMaxHeapSize                          = 2147483648                             {manageable} {ergonomic}
     bool UseCompressedOops                        = true                           {product lp64_product} {ergonomic}
     bool UseLargePagesIndividualAllocation        = false                                  {pd product} {ergonomic}
     bool UseParallelGC                            = true                                      {product} {command line}

Logging:
Log output configuration:
 #0: stdout all=off uptime,level,tags foldmultilines=false
 #1: stderr all=off uptime,level,tags foldmultilines=false

Release file:
JAVA_VERSION="21.0.10" 
MODULES="java.base java.compiler java.datatransfer java.xml java.prefs java.desktop java.instrument java.logging java.management java.security.sasl java.naming java.rmi java.management.rmi java.net.http java.scripting java.security.jgss java.transaction.xa java.sql java.sql.rowset java.xml.crypto java.se java.smartcardio jdk.accessibility jdk.internal.jvmstat jdk.attach jdk.charsets jdk.internal.opt jdk.zipfs jdk.compiler jdk.crypto.ec jdk.crypto.cryptoki jdk.crypto.mscapi jdk.dynalink jdk.internal.ed jdk.editpad jdk.hotspot.agent jdk.httpserver jdk.internal.le jdk.internal.vm.ci jdk.internal.vm.compiler jdk.internal.vm.compiler.management jdk.jartool jdk.javadoc jdk.jcmd jdk.management jdk.management.agent jdk.jconsole jdk.jdeps jdk.jdwp.agent jdk.jdi jdk.jfr jdk.jshell jdk.jsobject jdk.jstatd jdk.localedata jdk.management.jfr jdk.naming.dns jdk.naming.rmi jdk.net jdk.nio.mapmode jdk.random jdk.sctp jdk.security.auth jdk.security.jgss jdk.unsupported jdk.unsupported.desktop jdk.xml.dom" 

Environment Variables:
PATH=C:\Program Files\Common Files\Oracle\Java\javapath;C:\oraclexe\app\oracle\product\11.2.0\server\bin;C:\Python312\Scripts\;C:\Python312\;C:\WINDOWS\system32;C:\WINDOWS;C:\Program Files\mingw64\bin;C:\WINDOWS\System32\Wbem;C:\WINDOWS\System32\WindowsPowerShell\v1.0\;C:\WINDOWS\System32\OpenSSH\;C:\ProgramData\chocolatey\bin;C:\Program Files\MongoDB\Server\7.0\bin;C:\Program Files (x86)\PDFtk\bin\;c:\Users\Mehdiali\AppData\Local\Programs\cursor\resources\app\bin;C:\Program Files\Java\jdk-24\bin;C:\Program Files\nodejs\;C:\Program Files\Git\cmd;C:\Program Files\Git\mingw64\bin;C:\Program Files\Git\usr\bin;C:\Users\Mehdiali\AppData\Local\Microsoft\WindowsApps;C:\Users\Mehdiali\AppData\Local\Programs\Microsoft VS Code\bin;C:\Users\Mehdiali\AppData\Local\Microsoft\WindowsApps;C:\Program Files\MongoDB\Server\7.0\bin;C:\Users\Mehdiali\AppData\Local\Programs\mongosh\;C:\Users\Mehdiali\AppData\Roaming\npm;C:\Users\Mehdiali\AppData\Local\Programs\Antigravity\bin
USERNAME=Mehdiali
OS=Windows_NT
PROCESSOR_IDENTIFIER=Intel64 Family 6 Model 165 Stepping 3, GenuineIntel
TMP=C:\Users\Mehdiali\AppData\Local\Temp
TEMP=C:\Users\Mehdiali\AppData\Local\Temp




Periodic native trim disabled

---------------  S Y S T E M  ---------------

OS:
 Windows 11 , 64 bit Build 26100 (10.0.26100.8521)
OS uptime: 0 days 1:21 hours

CPU: total 8 (initial active 8) (4 cores per cpu, 2 threads per core) family 6 model 165 stepping 3 microcode 0xea, cx8, cmov, fxsr, ht, mmx, 3dnowpref, sse, sse2, sse3, ssse3, sse4.1, sse4.2, popcnt, lzcnt, tsc, tscinvbit, avx, avx2, aes, erms, clmul, bmi1, bmi2, adx, fma, vzeroupper, clflush, clflushopt, rdtscp, f16c
Processor Information for the first 8 processors :
  Max Mhz: 3600, Current Mhz: 3600, Mhz Limit: 3600

Memory: 4k page, system-wide physical 16213M (2241M free)
TotalPageFile size 18261M (AvailPageFile size 4M)
current process WorkingSet (physical memory assigned to process): 1000M, peak: 1728M
current process commit charge ("private bytes"): 1081M, peak: 1763M

vm_info: OpenJDK 64-Bit Server VM (21.0.10+7-LTS) for windows-amd64 JRE (21.0.10+7-LTS), built on 2026-01-20T00:00:00Z by "admin" with MS VC++ 17.12 (VS2022)

END.
