#
# There is insufficient memory for the Java Runtime Environment to continue.
# Native memory allocation (malloc) failed to allocate 1048576 bytes. Error detail: AllocateHeap
# Possible reasons:
#   The system is out of physical RAM or swap space
#   This process is running with CompressedOops enabled, and the Java Heap may be blocking the growth of the native heap
# Possible solutions:
#   Reduce memory load on the system
#   Increase physical memory or swap space
#   Check if swap backing store is full
#   Decrease Java heap size (-Xmx/-Xms)
#   Decrease number of Java threads
#   Decrease Java thread stack sizes (-Xss)
#   Set larger code cache with -XX:ReservedCodeCacheSize=
#   JVM is running with Unscaled Compressed Oops mode in which the Java heap is
#     placed in the first 4GB address space. The Java Heap base address is the
#     maximum limit for the native heap growth. Please use -XX:HeapBaseMinAddress
#     to set the Java Heap base and to place the Java Heap above 4GB virtual address.
# This output file may be truncated or incomplete.
#
#  Out of Memory Error (allocation.cpp:44), pid=17924, tid=17748
#
# JRE version: OpenJDK Runtime Environment Temurin-21.0.10+7 (21.0.10+7) (build 21.0.10+7-LTS)
# Java VM: OpenJDK 64-Bit Server VM Temurin-21.0.10+7 (21.0.10+7-LTS, mixed mode, sharing, tiered, compressed oops, compressed class ptrs, parallel gc, windows-amd64)
# No core dump will be written. Minidumps are not enabled by default on client versions of Windows
#

---------------  S U M M A R Y ------------

Command Line: --add-modules=ALL-SYSTEM --add-opens=java.base/java.util=ALL-UNNAMED --add-opens=java.base/java.lang=ALL-UNNAMED --add-opens=java.base/sun.nio.fs=ALL-UNNAMED -Declipse.application=org.eclipse.jdt.ls.core.id1 -Dosgi.bundles.defaultStartLevel=4 -Declipse.product=org.eclipse.jdt.ls.core.product -Djava.import.generatesMetadataFilesAtProjectRoot=false -DDetectVMInstallationsJob.disabled=true -Dfile.encoding=utf8 -XX:+UseParallelGC -XX:GCTimeRatio=4 -XX:AdaptiveSizePolicyWeight=90 -Dsun.zip.disableMemoryMapping=true -Xmx2G -Xms100m -Xlog:disable -javaagent:c:\Users\Mehdiali\.vscode\extensions\redhat.java-1.54.0-win32-x64\lombok\lombok-1.18.39-4050.jar -XX:+HeapDumpOnOutOfMemoryError -XX:HeapDumpPath=c:\Users\Mehdiali\AppData\Roaming\Code\User\workspaceStorage\232fe7e5a51645d976f0662a88af09df\redhat.java -Daether.dependencyCollector.impl=bf c:\Users\Mehdiali\.vscode\extensions\redhat.java-1.54.0-win32-x64\server\plugins\org.eclipse.equinox.launcher_1.7.100.v20251111-0406.jar -configuration c:\Users\Mehdiali\AppData\Roaming\Code\User\globalStorage\redhat.java\1.54.0\config_win -data c:\Users\Mehdiali\AppData\Roaming\Code\User\workspaceStorage\232fe7e5a51645d976f0662a88af09df\redhat.java\jdt_ws --pipe=\\.\pipe\lsp-2fe7dbfd6792b743fb278be14e8eb113-sock

Host: Intel(R) Core(TM) i3-10100 CPU @ 3.60GHz, 8 cores, 15G,  Windows 11 , 64 bit Build 26100 (10.0.26100.8521)
Time: Mon Jun  1 11:57:57 2026 India Standard Time elapsed time: 1593.302254 seconds (0d 0h 26m 33s)

---------------  T H R E A D  ---------------

Current thread (0x000001b41a1da650):  JavaThread "Attach Listener" daemon [_thread_in_vm, id=17748, stack(0x0000009e54100000,0x0000009e54200000) (1024K)]

Stack: [0x0000009e54100000,0x0000009e54200000]
Native frames: (J=compiled Java code, j=interpreted, Vv=VM code, C=native code)
V  [jvm.dll+0x6d7a39]
V  [jvm.dll+0x8b4b26]
V  [jvm.dll+0x8b70de]
V  [jvm.dll+0x8b77c3]
V  [jvm.dll+0x284346]
V  [jvm.dll+0xc1277]
V  [jvm.dll+0x6d82e9]
V  [jvm.dll+0x1334a6]
V  [jvm.dll+0x3f857e]
V  [jvm.dll+0x85f59d]
V  [jvm.dll+0x6d626d]
C  [ucrtbase.dll+0x2cd30]
C  [KERNEL32.DLL+0x2e957]
C  [ntdll.dll+0x87c1c]


---------------  P R O C E S S  ---------------

Threads class SMR info:
_java_thread_list=0x000001b42134e180, length=34, elements={
0x000001b3c0268530, 0x000001b41a1ccba0, 0x000001b41a1d23f0, 0x000001b41a1d8be0,
0x000001b41a1da650, 0x000001b41a1e4f60, 0x000001b41a1e7030, 0x000001b41a1ebf10,
0x000001b41a1f8610, 0x000001b41a1e55f0, 0x000001b41a1e5c80, 0x000001b41a1e76c0,
0x000001b41a1e4240, 0x000001b41a1e6310, 0x000001b41a1e48d0, 0x000001b420c78fa0,
0x000001b420c7a350, 0x000001b420c7b700, 0x000001b420c79cc0, 0x000001b420c79630,
0x000001b420c78280, 0x000001b420c7e4f0, 0x000001b420c7d140, 0x000001b420c7cab0,
0x000001b420c7eb80, 0x000001b420c7d7d0, 0x000001b420c7de60, 0x000001b420c7c420,
0x000001b420c7bd90, 0x000001b420c7f8a0, 0x000001b42350f2e0, 0x000001b4235113b0,
0x000001b4235120d0, 0x000001b423510d20
}

Java Threads: ( => current thread )
  0x000001b3c0268530 JavaThread "main"                              [_thread_blocked, id=17824, stack(0x0000009e53a00000,0x0000009e53b00000) (1024K)]
  0x000001b41a1ccba0 JavaThread "Reference Handler"          daemon [_thread_blocked, id=18032, stack(0x0000009e53e00000,0x0000009e53f00000) (1024K)]
  0x000001b41a1d23f0 JavaThread "Finalizer"                  daemon [_thread_blocked, id=18028, stack(0x0000009e53f00000,0x0000009e54000000) (1024K)]
  0x000001b41a1d8be0 JavaThread "Signal Dispatcher"          daemon [_thread_blocked, id=18016, stack(0x0000009e54000000,0x0000009e54100000) (1024K)]
=>0x000001b41a1da650 JavaThread "Attach Listener"            daemon [_thread_in_vm, id=17748, stack(0x0000009e54100000,0x0000009e54200000) (1024K)]
  0x000001b41a1e4f60 JavaThread "Service Thread"             daemon [_thread_blocked, id=17616, stack(0x0000009e54200000,0x0000009e54300000) (1024K)]
  0x000001b41a1e7030 JavaThread "Monitor Deflation Thread"   daemon [_thread_blocked, id=17596, stack(0x0000009e54300000,0x0000009e54400000) (1024K)]
  0x000001b41a1ebf10 JavaThread "C2 CompilerThread0"         daemon [_thread_blocked, id=18068, stack(0x0000009e54400000,0x0000009e54500000) (1024K)]
  0x000001b41a1f8610 JavaThread "C1 CompilerThread0"         daemon [_thread_blocked, id=18064, stack(0x0000009e54500000,0x0000009e54600000) (1024K)]
  0x000001b41a1e55f0 JavaThread "Common-Cleaner"             daemon [_thread_blocked, id=18036, stack(0x0000009e54600000,0x0000009e54700000) (1024K)]
  0x000001b41a1e5c80 JavaThread "Notification Thread"        daemon [_thread_blocked, id=18412, stack(0x0000009e54800000,0x0000009e54900000) (1024K)]
  0x000001b41a1e76c0 JavaThread "Active Thread: Equinox Container: f6e01a94-c0f0-4a45-8398-29ee15f68b34"        [_thread_blocked, id=18220, stack(0x0000009e55000000,0x0000009e55100000) (1024K)]
  0x000001b41a1e4240 JavaThread "Refresh Thread: Equinox Container: f6e01a94-c0f0-4a45-8398-29ee15f68b34" daemon [_thread_blocked, id=17808, stack(0x0000009e54900000,0x0000009e54a00000) (1024K)]
  0x000001b41a1e6310 JavaThread "Framework Event Dispatcher: Equinox Container: f6e01a94-c0f0-4a45-8398-29ee15f68b34" daemon [_thread_blocked, id=18148, stack(0x0000009e55100000,0x0000009e55200000) (1024K)]
  0x000001b41a1e48d0 JavaThread "Start Level: Equinox Container: f6e01a94-c0f0-4a45-8398-29ee15f68b34" daemon [_thread_blocked, id=17436, stack(0x0000009e55200000,0x0000009e55300000) (1024K)]
  0x000001b420c78fa0 JavaThread "Bundle File Closer"         daemon [_thread_blocked, id=17868, stack(0x0000009e55400000,0x0000009e55500000) (1024K)]
  0x000001b420c7a350 JavaThread "SCR Component Actor"        daemon [_thread_blocked, id=18008, stack(0x0000009e55300000,0x0000009e55400000) (1024K)]
  0x000001b420c7b700 JavaThread "Worker-JM"                         [_thread_blocked, id=16352, stack(0x0000009e55700000,0x0000009e55800000) (1024K)]
  0x000001b420c79cc0 JavaThread "JNA Cleaner"                daemon [_thread_blocked, id=17956, stack(0x0000009e55600000,0x0000009e55700000) (1024K)]
  0x000001b420c79630 JavaThread "Java indexing"              daemon [_thread_blocked, id=7176, stack(0x0000009e55a00000,0x0000009e55b00000) (1024K)]
  0x000001b420c78280 JavaThread "Worker-2"                          [_thread_blocked, id=17708, stack(0x0000009e55e00000,0x0000009e55f00000) (1024K)]
  0x000001b420c7e4f0 JavaThread "Thread-1"                   daemon [_thread_in_native, id=18416, stack(0x0000009e56000000,0x0000009e56100000) (1024K)]
  0x000001b420c7d140 JavaThread "Thread-2"                   daemon [_thread_in_native, id=8728, stack(0x0000009e56100000,0x0000009e56200000) (1024K)]
  0x000001b420c7cab0 JavaThread "Thread-3"                   daemon [_thread_in_native, id=17568, stack(0x0000009e56200000,0x0000009e56300000) (1024K)]
  0x000001b420c7eb80 JavaThread "Thread-4"                   daemon [_thread_in_native, id=2660, stack(0x0000009e56300000,0x0000009e56400000) (1024K)]
  0x000001b420c7d7d0 JavaThread "Thread-5"                   daemon [_thread_in_native, id=18224, stack(0x0000009e56400000,0x0000009e56500000) (1024K)]
  0x000001b420c7de60 JavaThread "Thread-6"                   daemon [_thread_in_native, id=13272, stack(0x0000009e56500000,0x0000009e56600000) (1024K)]
  0x000001b420c7c420 JavaThread "Thread-7"                   daemon [_thread_in_native, id=17592, stack(0x0000009e56600000,0x0000009e56700000) (1024K)]
  0x000001b420c7bd90 JavaThread "Thread-8"                   daemon [_thread_in_native, id=17952, stack(0x0000009e56700000,0x0000009e56800000) (1024K)]
  0x000001b420c7f8a0 JavaThread "Thread-9"                   daemon [_thread_in_native, id=12224, stack(0x0000009e56800000,0x0000009e56900000) (1024K)]
  0x000001b42350f2e0 JavaThread "pool-2-thread-1"                   [_thread_blocked, id=17628, stack(0x0000009e56900000,0x0000009e56a00000) (1024K)]
  0x000001b4235113b0 JavaThread "Worker-4"                          [_thread_blocked, id=10112, stack(0x0000009e56a00000,0x0000009e56b00000) (1024K)]
  0x000001b4235120d0 JavaThread "WorkspaceEventsHandler"            [_thread_blocked, id=18240, stack(0x0000009e56b00000,0x0000009e56c00000) (1024K)]
  0x000001b423510d20 JavaThread "pool-1-thread-1"                   [_thread_blocked, id=18200, stack(0x0000009e56c00000,0x0000009e56d00000) (1024K)]
Total: 34

Other Threads:
  0x000001b3c26e9d70 VMThread "VM Thread"                           [id=17936, stack(0x0000009e53d00000,0x0000009e53e00000) (1024K)]
  0x000001b41a0dca00 WatcherThread "VM Periodic Task Thread"        [id=17980, stack(0x0000009e53c00000,0x0000009e53d00000) (1024K)]
  0x000001b3c266b1c0 WorkerThread "GC Thread#0"                     [id=17904, stack(0x0000009e53b00000,0x0000009e53c00000) (1024K)]
  0x000001b4201e00f0 WorkerThread "GC Thread#1"                     [id=17488, stack(0x0000009e54a00000,0x0000009e54b00000) (1024K)]
  0x000001b4204b8f00 WorkerThread "GC Thread#2"                     [id=9132, stack(0x0000009e54b00000,0x0000009e54c00000) (1024K)]
  0x000001b4204b92b0 WorkerThread "GC Thread#3"                     [id=18316, stack(0x0000009e54c00000,0x0000009e54d00000) (1024K)]
  0x000001b4204b9660 WorkerThread "GC Thread#4"                     [id=18204, stack(0x0000009e54d00000,0x0000009e54e00000) (1024K)]
  0x000001b4204b9a10 WorkerThread "GC Thread#5"                     [id=18104, stack(0x0000009e54e00000,0x0000009e54f00000) (1024K)]
  0x000001b4204b9dc0 WorkerThread "GC Thread#6"                     [id=6352, stack(0x0000009e54f00000,0x0000009e55000000) (1024K)]
  0x000001b4208899e0 WorkerThread "GC Thread#7"                     [id=9332, stack(0x0000009e54700000,0x0000009e54800000) (1024K)]
Total: 10

Threads with active compile tasks:
Total: 0

VM state: not at safepoint (normal execution)

VM Mutex/Monitor currently owned by a thread: None

Heap address: 0x0000000080000000, size: 2048 MB, Compressed Oops mode: 32-bit

CDS archive(s) mapped at: [0x000001b3d9000000-0x000001b3d9ba0000-0x000001b3d9ba0000), size 12189696, SharedBaseAddress: 0x000001b3d9000000, ArchiveRelocationMode: 1.
Compressed class space mapped at: 0x000001b3da000000-0x000001b41a000000, reserved size: 1073741824
Narrow klass base: 0x000001b3d9000000, Narrow klass shift: 0, Narrow klass range: 0x100000000

GC Precious Log:
 CardTable entry size: 512
 CPUs: 8 total, 8 available
 Memory: 16213M
 Large Page Support: Disabled
 NUMA Support: Disabled
 Compressed Oops: Enabled (32-bit)
 Alignments: Space 512K, Generation 512K, Heap 2M
 Heap Min Capacity: 100M
 Heap Initial Capacity: 100M
 Heap Max Capacity: 2G
 Pre-touch: Disabled
 Parallel Workers: 8

Heap:
 PSYoungGen      total 17920K, used 8394K [0x00000000d5580000, 0x00000000d6880000, 0x0000000100000000)
  eden space 16384K, 45% used [0x00000000d5580000,0x00000000d5cb6798,0x00000000d6580000)
  from space 1536K, 65% used [0x00000000d6700000,0x00000000d67fc070,0x00000000d6880000)
  to   space 1536K, 0% used [0x00000000d6580000,0x00000000d6580000,0x00000000d6700000)
 ParOldGen       total 68608K, used 45657K [0x0000000080000000, 0x0000000084300000, 0x00000000d5580000)
  object space 68608K, 66% used [0x0000000080000000,0x0000000082c966d8,0x0000000084300000)
 Metaspace       used 58534K, committed 59968K, reserved 1114112K
  class space    used 6226K, committed 6848K, reserved 1048576K

Card table byte_map: [0x000001b3c2010000,0x000001b3c2420000] _byte_map_base: 0x000001b3c1c10000

Marking Bits: (ParMarkBitMap*) 0x00007ffed04c3450
 Begin Bits: [0x000001b3d4af0000, 0x000001b3d6af0000)
 End Bits:   [0x000001b3d6af0000, 0x000001b3d8af0000)

Polling page: 0x000001b3c1e00000

Metaspace:

Usage:
  Non-class:     51.08 MB used.
      Class:      6.08 MB used.
       Both:     57.16 MB used.

Virtual space:
  Non-class space:       64.00 MB reserved,      51.88 MB ( 81%) committed,  1 nodes.
      Class space:        1.00 GB reserved,       6.69 MB ( <1%) committed,  1 nodes.
             Both:        1.06 GB reserved,      58.56 MB (  5%) committed. 

Chunk freelists:
   Non-Class:  12.03 MB
       Class:  9.25 MB
        Both:  21.28 MB

MaxMetaspaceSize: unlimited
CompressedClassSpaceSize: 1.00 GB
Initial GC threshold: 21.00 MB
Current GC threshold: 59.31 MB
CDS: on
 - commit_granule_bytes: 65536.
 - commit_granule_words: 8192.
 - virtual_space_node_default_size: 8388608.
 - enlarge_chunks_in_place: 1.
 - use_allocation_guard: 0.


Internal statistics:

num_allocs_failed_limit: 10.
num_arena_births: 924.
num_arena_deaths: 14.
num_vsnodes_births: 2.
num_vsnodes_deaths: 0.
num_space_committed: 937.
num_space_uncommitted: 0.
num_chunks_returned_to_freelist: 24.
num_chunks_taken_from_freelist: 3533.
num_chunk_merges: 15.
num_chunk_splits: 2234.
num_chunks_enlarged: 1353.
num_inconsistent_stats: 0.

CodeHeap 'non-profiled nmethods': size=120000Kb used=5874Kb max_used=5874Kb free=114125Kb
 bounds [0x000001b3cd310000, 0x000001b3cd8d0000, 0x000001b3d4840000]
CodeHeap 'profiled nmethods': size=120000Kb used=18611Kb max_used=18611Kb free=101388Kb
 bounds [0x000001b3c5840000, 0x000001b3c6a70000, 0x000001b3ccd70000]
CodeHeap 'non-nmethods': size=5760Kb used=1417Kb max_used=1532Kb free=4342Kb
 bounds [0x000001b3ccd70000, 0x000001b3ccfe0000, 0x000001b3cd310000]
CodeCache: size=245760Kb, used=25902Kb, max_used=26017Kb, free=219855Kb
 total_blobs=8797, nmethods=8066, adapters=637, full_count=0
Compilation: enabled, stopped_count=0, restarted_count=0

Compilation events (20 events):
Event: 1216.541 Thread 0x000001b41a1f8610 8600       3       org.eclipse.core.internal.dtree.DataTreeNode::storeStrings (28 bytes)
Event: 1216.541 Thread 0x000001b41a1ebf10 8602       4       java.util.HashMap::putIfAbsent (13 bytes)
Event: 1216.541 Thread 0x000001b41a1f8610 nmethod 8600 0x000001b3c6a69990 code [0x000001b3c6a69b60, 0x000001b3c6a69fe0]
Event: 1216.541 Thread 0x000001b41a1f8610 8601       3       org.eclipse.core.internal.resources.ResourceInfo::shareStrings (43 bytes)
Event: 1216.541 Thread 0x000001b41a1f8610 nmethod 8601 0x000001b3c6a6a110 code [0x000001b3c6a6a2e0, 0x000001b3c6a6a5a8]
Event: 1216.541 Thread 0x000001b41a1f8610 8603       3       org.eclipse.core.runtime.jobs.Job::getJobGroup (5 bytes)
Event: 1216.541 Thread 0x000001b41a1f8610 nmethod 8603 0x000001b3c6a6a710 code [0x000001b3c6a6a8a0, 0x000001b3c6a6a9c0]
Event: 1216.548 Thread 0x000001b41a1ebf10 nmethod 8602 0x000001b3cd8cb490 code [0x000001b3cd8cb6c0, 0x000001b3cd8cbfb0]
Event: 1228.743 Thread 0x000001b41a1f8610 8604   !   3       java.util.concurrent.locks.AbstractQueuedSynchronizer$ConditionObject::newConditionNode (78 bytes)
Event: 1228.744 Thread 0x000001b41a1f8610 nmethod 8604 0x000001b3c6a6aa90 code [0x000001b3c6a6ad00, 0x000001b3c6a6b4e0]
Event: 1228.744 Thread 0x000001b41a1f8610 8605       3       java.util.concurrent.locks.AbstractQueuedSynchronizer$ConditionNode::<init> (5 bytes)
Event: 1228.744 Thread 0x000001b41a1f8610 nmethod 8605 0x000001b3c6a6b790 code [0x000001b3c6a6b940, 0x000001b3c6a6bb08]
Event: 1261.788 Thread 0x000001b41a1f8610 8606   !   3       java.util.concurrent.locks.AbstractQueuedSynchronizer::reacquire (64 bytes)
Event: 1261.789 Thread 0x000001b41a1f8610 nmethod 8606 0x000001b3c6a6bc10 code [0x000001b3c6a6bde0, 0x000001b3c6a6c150]
Event: 1298.830 Thread 0x000001b41a1f8610 8607       1       org.eclipse.jdt.ls.core.internal.LanguageServerApplication::getParentProcessId (5 bytes)
Event: 1298.831 Thread 0x000001b41a1f8610 nmethod 8607 0x000001b3cd8cc690 code [0x000001b3cd8cc820, 0x000001b3cd8cc8e8]
Event: 1308.414 Thread 0x000001b41a1f8610 8608       3       java.util.concurrent.locks.AbstractQueuedSynchronizer$ConditionObject::unlinkCancelledWaiters (91 bytes)
Event: 1308.414 Thread 0x000001b41a1f8610 nmethod 8608 0x000001b3c6a6c310 code [0x000001b3c6a6c4c0, 0x000001b3c6a6c850]
Event: 1398.445 Thread 0x000001b41a1f8610 8609       3       java.lang.Module::getClassLoader (20 bytes)
Event: 1398.446 Thread 0x000001b41a1f8610 nmethod 8609 0x000001b3c6a6c990 code [0x000001b3c6a6cb40, 0x000001b3c6a6cd38]

GC Heap History (20 events):
Event: 20.136 GC heap before
{Heap before GC invocations=29 (full 2):
 PSYoungGen      total 22528K, used 22496K [0x00000000d5580000, 0x00000000d6d80000, 0x0000000100000000)
  eden space 20480K, 100% used [0x00000000d5580000,0x00000000d6980000,0x00000000d6980000)
  from space 2048K, 98% used [0x00000000d6b80000,0x00000000d6d78010,0x00000000d6d80000)
  to   space 2048K, 0% used [0x00000000d6980000,0x00000000d6980000,0x00000000d6b80000)
 ParOldGen       total 68608K, used 33695K [0x0000000080000000, 0x0000000084300000, 0x00000000d5580000)
  object space 68608K, 49% used [0x0000000080000000,0x00000000820e7e70,0x0000000084300000)
 Metaspace       used 47424K, committed 48640K, reserved 1114112K
  class space    used 5154K, committed 5696K, reserved 1048576K
}
Event: 20.138 GC heap after
{Heap after GC invocations=29 (full 2):
 PSYoungGen      total 22528K, used 1784K [0x00000000d5580000, 0x00000000d6d80000, 0x0000000100000000)
  eden space 20480K, 0% used [0x00000000d5580000,0x00000000d5580000,0x00000000d6980000)
  from space 2048K, 87% used [0x00000000d6980000,0x00000000d6b3e200,0x00000000d6b80000)
  to   space 2048K, 0% used [0x00000000d6b80000,0x00000000d6b80000,0x00000000d6d80000)
 ParOldGen       total 68608K, used 35631K [0x0000000080000000, 0x0000000084300000, 0x00000000d5580000)
  object space 68608K, 51% used [0x0000000080000000,0x00000000822cbe80,0x0000000084300000)
 Metaspace       used 47424K, committed 48640K, reserved 1114112K
  class space    used 5154K, committed 5696K, reserved 1048576K
}
Event: 20.256 GC heap before
{Heap before GC invocations=30 (full 2):
 PSYoungGen      total 22528K, used 22264K [0x00000000d5580000, 0x00000000d6d80000, 0x0000000100000000)
  eden space 20480K, 100% used [0x00000000d5580000,0x00000000d6980000,0x00000000d6980000)
  from space 2048K, 87% used [0x00000000d6980000,0x00000000d6b3e200,0x00000000d6b80000)
  to   space 2048K, 0% used [0x00000000d6b80000,0x00000000d6b80000,0x00000000d6d80000)
 ParOldGen       total 68608K, used 35631K [0x0000000080000000, 0x0000000084300000, 0x00000000d5580000)
  object space 68608K, 51% used [0x0000000080000000,0x00000000822cbe80,0x0000000084300000)
 Metaspace       used 48985K, committed 50176K, reserved 1114112K
  class space    used 5313K, committed 5888K, reserved 1048576K
}
Event: 20.259 GC heap after
{Heap after GC invocations=30 (full 2):
 PSYoungGen      total 18944K, used 2048K [0x00000000d5580000, 0x00000000d7480000, 0x0000000100000000)
  eden space 16896K, 0% used [0x00000000d5580000,0x00000000d5580000,0x00000000d6600000)
  from space 2048K, 100% used [0x00000000d6b80000,0x00000000d6d80000,0x00000000d6d80000)
  to   space 5632K, 0% used [0x00000000d6600000,0x00000000d6600000,0x00000000d6b80000)
 ParOldGen       total 68608K, used 38492K [0x0000000080000000, 0x0000000084300000, 0x00000000d5580000)
  object space 68608K, 56% used [0x0000000080000000,0x0000000082597108,0x0000000084300000)
 Metaspace       used 48985K, committed 50176K, reserved 1114112K
  class space    used 5313K, committed 5888K, reserved 1048576K
}
Event: 20.486 GC heap before
{Heap before GC invocations=31 (full 2):
 PSYoungGen      total 18944K, used 18943K [0x00000000d5580000, 0x00000000d7480000, 0x0000000100000000)
  eden space 16896K, 99% used [0x00000000d5580000,0x00000000d65ffcc8,0x00000000d6600000)
  from space 2048K, 100% used [0x00000000d6b80000,0x00000000d6d80000,0x00000000d6d80000)
  to   space 5632K, 0% used [0x00000000d6600000,0x00000000d6600000,0x00000000d6b80000)
 ParOldGen       total 68608K, used 38492K [0x0000000080000000, 0x0000000084300000, 0x00000000d5580000)
  object space 68608K, 56% used [0x0000000080000000,0x0000000082597108,0x0000000084300000)
 Metaspace       used 50031K, committed 51264K, reserved 1114112K
  class space    used 5452K, committed 6016K, reserved 1048576K
}
Event: 20.488 GC heap after
{Heap after GC invocations=31 (full 2):
 PSYoungGen      total 17920K, used 843K [0x00000000d5580000, 0x00000000d6c00000, 0x0000000100000000)
  eden space 16896K, 0% used [0x00000000d5580000,0x00000000d5580000,0x00000000d6600000)
  from space 1024K, 82% used [0x00000000d6600000,0x00000000d66d2e58,0x00000000d6700000)
  to   space 2560K, 0% used [0x00000000d6980000,0x00000000d6980000,0x00000000d6c00000)
 ParOldGen       total 68608K, used 40551K [0x0000000080000000, 0x0000000084300000, 0x00000000d5580000)
  object space 68608K, 59% used [0x0000000080000000,0x0000000082799d38,0x0000000084300000)
 Metaspace       used 50031K, committed 51264K, reserved 1114112K
  class space    used 5452K, committed 6016K, reserved 1048576K
}
Event: 20.663 GC heap before
{Heap before GC invocations=32 (full 2):
 PSYoungGen      total 17920K, used 17739K [0x00000000d5580000, 0x00000000d6c00000, 0x0000000100000000)
  eden space 16896K, 100% used [0x00000000d5580000,0x00000000d6600000,0x00000000d6600000)
  from space 1024K, 82% used [0x00000000d6600000,0x00000000d66d2e58,0x00000000d6700000)
  to   space 2560K, 0% used [0x00000000d6980000,0x00000000d6980000,0x00000000d6c00000)
 ParOldGen       total 68608K, used 40551K [0x0000000080000000, 0x0000000084300000, 0x00000000d5580000)
  object space 68608K, 59% used [0x0000000080000000,0x0000000082799d38,0x0000000084300000)
 Metaspace       used 51076K, committed 52224K, reserved 1114112K
  class space    used 5547K, committed 6080K, reserved 1048576K
}
Event: 20.664 GC heap after
{Heap after GC invocations=32 (full 2):
 PSYoungGen      total 17920K, used 628K [0x00000000d5580000, 0x00000000d6a80000, 0x0000000100000000)
  eden space 16896K, 0% used [0x00000000d5580000,0x00000000d5580000,0x00000000d6600000)
  from space 1024K, 61% used [0x00000000d6980000,0x00000000d6a1d1c0,0x00000000d6a80000)
  to   space 1024K, 0% used [0x00000000d6600000,0x00000000d6600000,0x00000000d6700000)
 ParOldGen       total 68608K, used 41269K [0x0000000080000000, 0x0000000084300000, 0x00000000d5580000)
  object space 68608K, 60% used [0x0000000080000000,0x000000008284d740,0x0000000084300000)
 Metaspace       used 51076K, committed 52224K, reserved 1114112K
  class space    used 5547K, committed 6080K, reserved 1048576K
}
Event: 20.731 GC heap before
{Heap before GC invocations=33 (full 2):
 PSYoungGen      total 17920K, used 17524K [0x00000000d5580000, 0x00000000d6a80000, 0x0000000100000000)
  eden space 16896K, 100% used [0x00000000d5580000,0x00000000d6600000,0x00000000d6600000)
  from space 1024K, 61% used [0x00000000d6980000,0x00000000d6a1d1c0,0x00000000d6a80000)
  to   space 1024K, 0% used [0x00000000d6600000,0x00000000d6600000,0x00000000d6700000)
 ParOldGen       total 68608K, used 41269K [0x0000000080000000, 0x0000000084300000, 0x00000000d5580000)
  object space 68608K, 60% used [0x0000000080000000,0x000000008284d740,0x0000000084300000)
 Metaspace       used 51546K, committed 52736K, reserved 1114112K
  class space    used 5588K, committed 6144K, reserved 1048576K
}
Event: 20.732 GC heap after
{Heap after GC invocations=33 (full 2):
 PSYoungGen      total 17920K, used 1001K [0x00000000d5580000, 0x00000000d6a00000, 0x0000000100000000)
  eden space 16896K, 0% used [0x00000000d5580000,0x00000000d5580000,0x00000000d6600000)
  from space 1024K, 97% used [0x00000000d6600000,0x00000000d66fa6f8,0x00000000d6700000)
  to   space 2048K, 0% used [0x00000000d6800000,0x00000000d6800000,0x00000000d6a00000)
 ParOldGen       total 68608K, used 41956K [0x0000000080000000, 0x0000000084300000, 0x00000000d5580000)
  object space 68608K, 61% used [0x0000000080000000,0x00000000828f9268,0x0000000084300000)
 Metaspace       used 51546K, committed 52736K, reserved 1114112K
  class space    used 5588K, committed 6144K, reserved 1048576K
}
Event: 20.765 GC heap before
{Heap before GC invocations=34 (full 2):
 PSYoungGen      total 17920K, used 17897K [0x00000000d5580000, 0x00000000d6a00000, 0x0000000100000000)
  eden space 16896K, 100% used [0x00000000d5580000,0x00000000d6600000,0x00000000d6600000)
  from space 1024K, 97% used [0x00000000d6600000,0x00000000d66fa6f8,0x00000000d6700000)
  to   space 2048K, 0% used [0x00000000d6800000,0x00000000d6800000,0x00000000d6a00000)
 ParOldGen       total 68608K, used 41956K [0x0000000080000000, 0x0000000084300000, 0x00000000d5580000)
  object space 68608K, 61% used [0x0000000080000000,0x00000000828f9268,0x0000000084300000)
 Metaspace       used 51556K, committed 52736K, reserved 1114112K
  class space    used 5588K, committed 6144K, reserved 1048576K
}
Event: 20.766 GC heap after
{Heap after GC invocations=34 (full 2):
 PSYoungGen      total 17408K, used 470K [0x00000000d5580000, 0x00000000d6880000, 0x0000000100000000)
  eden space 16896K, 0% used [0x00000000d5580000,0x00000000d5580000,0x00000000d6600000)
  from space 512K, 91% used [0x00000000d6800000,0x00000000d6875a28,0x00000000d6880000)
  to   space 1024K, 0% used [0x00000000d6680000,0x00000000d6680000,0x00000000d6780000)
 ParOldGen       total 68608K, used 42728K [0x0000000080000000, 0x0000000084300000, 0x00000000d5580000)
  object space 68608K, 62% used [0x0000000080000000,0x00000000829ba3e0,0x0000000084300000)
 Metaspace       used 51556K, committed 52736K, reserved 1114112K
  class space    used 5588K, committed 6144K, reserved 1048576K
}
Event: 20.994 GC heap before
{Heap before GC invocations=35 (full 2):
 PSYoungGen      total 17408K, used 17366K [0x00000000d5580000, 0x00000000d6880000, 0x0000000100000000)
  eden space 16896K, 100% used [0x00000000d5580000,0x00000000d6600000,0x00000000d6600000)
  from space 512K, 91% used [0x00000000d6800000,0x00000000d6875a28,0x00000000d6880000)
  to   space 1024K, 0% used [0x00000000d6680000,0x00000000d6680000,0x00000000d6780000)
 ParOldGen       total 68608K, used 42728K [0x0000000080000000, 0x0000000084300000, 0x00000000d5580000)
  object space 68608K, 62% used [0x0000000080000000,0x00000000829ba3e0,0x0000000084300000)
 Metaspace       used 53351K, committed 54592K, reserved 1114112K
  class space    used 5713K, committed 6272K, reserved 1048576K
}
Event: 20.994 GC heap after
{Heap after GC invocations=35 (full 2):
 PSYoungGen      total 17920K, used 352K [0x00000000d5580000, 0x00000000d6880000, 0x0000000100000000)
  eden space 16896K, 0% used [0x00000000d5580000,0x00000000d5580000,0x00000000d6600000)
  from space 1024K, 34% used [0x00000000d6680000,0x00000000d66d8000,0x00000000d6780000)
  to   space 512K, 0% used [0x00000000d6800000,0x00000000d6800000,0x00000000d6880000)
 ParOldGen       total 68608K, used 42752K [0x0000000080000000, 0x0000000084300000, 0x00000000d5580000)
  object space 68608K, 62% used [0x0000000080000000,0x00000000829c03e0,0x0000000084300000)
 Metaspace       used 53351K, committed 54592K, reserved 1114112K
  class space    used 5713K, committed 6272K, reserved 1048576K
}
Event: 21.446 GC heap before
{Heap before GC invocations=36 (full 2):
 PSYoungGen      total 17920K, used 17248K [0x00000000d5580000, 0x00000000d6880000, 0x0000000100000000)
  eden space 16896K, 100% used [0x00000000d5580000,0x00000000d6600000,0x00000000d6600000)
  from space 1024K, 34% used [0x00000000d6680000,0x00000000d66d8000,0x00000000d6780000)
  to   space 512K, 0% used [0x00000000d6800000,0x00000000d6800000,0x00000000d6880000)
 ParOldGen       total 68608K, used 42752K [0x0000000080000000, 0x0000000084300000, 0x00000000d5580000)
  object space 68608K, 62% used [0x0000000080000000,0x00000000829c03e0,0x0000000084300000)
 Metaspace       used 55081K, committed 56320K, reserved 1114112K
  class space    used 5884K, committed 6464K, reserved 1048576K
}
Event: 21.448 GC heap after
{Heap after GC invocations=36 (full 2):
 PSYoungGen      total 16896K, used 489K [0x00000000d5580000, 0x00000000d6b00000, 0x0000000100000000)
  eden space 16384K, 0% used [0x00000000d5580000,0x00000000d5580000,0x00000000d6580000)
  from space 512K, 95% used [0x00000000d6800000,0x00000000d687a4a0,0x00000000d6880000)
  to   space 2560K, 0% used [0x00000000d6580000,0x00000000d6580000,0x00000000d6800000)
 ParOldGen       total 68608K, used 44115K [0x0000000080000000, 0x0000000084300000, 0x00000000d5580000)
  object space 68608K, 64% used [0x0000000080000000,0x0000000082b14f60,0x0000000084300000)
 Metaspace       used 55081K, committed 56320K, reserved 1114112K
  class space    used 5884K, committed 6464K, reserved 1048576K
}
Event: 22.591 GC heap before
{Heap before GC invocations=37 (full 2):
 PSYoungGen      total 16896K, used 16863K [0x00000000d5580000, 0x00000000d6b00000, 0x0000000100000000)
  eden space 16384K, 99% used [0x00000000d5580000,0x00000000d657d940,0x00000000d6580000)
  from space 512K, 95% used [0x00000000d6800000,0x00000000d687a4a0,0x00000000d6880000)
  to   space 2560K, 0% used [0x00000000d6580000,0x00000000d6580000,0x00000000d6800000)
 ParOldGen       total 68608K, used 44115K [0x0000000080000000, 0x0000000084300000, 0x00000000d5580000)
  object space 68608K, 64% used [0x0000000080000000,0x0000000082b14f60,0x0000000084300000)
 Metaspace       used 56570K, committed 57856K, reserved 1114112K
  class space    used 6017K, committed 6592K, reserved 1048576K
}
Event: 22.593 GC heap after
{Heap after GC invocations=37 (full 2):
 PSYoungGen      total 17920K, used 1263K [0x00000000d5580000, 0x00000000d6880000, 0x0000000100000000)
  eden space 16384K, 0% used [0x00000000d5580000,0x00000000d5580000,0x00000000d6580000)
  from space 1536K, 82% used [0x00000000d6580000,0x00000000d66bbc28,0x00000000d6700000)
  to   space 1536K, 0% used [0x00000000d6700000,0x00000000d6700000,0x00000000d6880000)
 ParOldGen       total 68608K, used 44591K [0x0000000080000000, 0x0000000084300000, 0x00000000d5580000)
  object space 68608K, 64% used [0x0000000080000000,0x0000000082b8bcc0,0x0000000084300000)
 Metaspace       used 56570K, committed 57856K, reserved 1114112K
  class space    used 6017K, committed 6592K, reserved 1048576K
}
Event: 22.847 GC heap before
{Heap before GC invocations=38 (full 2):
 PSYoungGen      total 17920K, used 17647K [0x00000000d5580000, 0x00000000d6880000, 0x0000000100000000)
  eden space 16384K, 100% used [0x00000000d5580000,0x00000000d6580000,0x00000000d6580000)
  from space 1536K, 82% used [0x00000000d6580000,0x00000000d66bbc28,0x00000000d6700000)
  to   space 1536K, 0% used [0x00000000d6700000,0x00000000d6700000,0x00000000d6880000)
 ParOldGen       total 68608K, used 44591K [0x0000000080000000, 0x0000000084300000, 0x00000000d5580000)
  object space 68608K, 64% used [0x0000000080000000,0x0000000082b8bcc0,0x0000000084300000)
 Metaspace       used 57919K, committed 59328K, reserved 1114112K
  class space    used 6166K, committed 6784K, reserved 1048576K
}
Event: 22.848 GC heap after
{Heap after GC invocations=38 (full 2):
 PSYoungGen      total 17920K, used 1008K [0x00000000d5580000, 0x00000000d6880000, 0x0000000100000000)
  eden space 16384K, 0% used [0x00000000d5580000,0x00000000d5580000,0x00000000d6580000)
  from space 1536K, 65% used [0x00000000d6700000,0x00000000d67fc070,0x00000000d6880000)
  to   space 1536K, 0% used [0x00000000d6580000,0x00000000d6580000,0x00000000d6700000)
 ParOldGen       total 68608K, used 45657K [0x0000000080000000, 0x0000000084300000, 0x00000000d5580000)
  object space 68608K, 66% used [0x0000000080000000,0x0000000082c966d8,0x0000000084300000)
 Metaspace       used 57919K, committed 59328K, reserved 1114112K
  class space    used 6166K, committed 6784K, reserved 1048576K
}

Dll operation events (10 events):
Event: 0.031 Loaded shared library c:\Users\Mehdiali\.vscode\extensions\redhat.java-1.54.0-win32-x64\jre\21.0.10-win32-x86_64\bin\java.dll
Event: 0.126 Loaded shared library c:\Users\Mehdiali\.vscode\extensions\redhat.java-1.54.0-win32-x64\jre\21.0.10-win32-x86_64\bin\zip.dll
Event: 0.148 Loaded shared library C:\Users\Mehdiali\.vscode\extensions\redhat.java-1.54.0-win32-x64\jre\21.0.10-win32-x86_64\bin\instrument.dll
Event: 0.154 Loaded shared library C:\Users\Mehdiali\.vscode\extensions\redhat.java-1.54.0-win32-x64\jre\21.0.10-win32-x86_64\bin\net.dll
Event: 0.156 Loaded shared library C:\Users\Mehdiali\.vscode\extensions\redhat.java-1.54.0-win32-x64\jre\21.0.10-win32-x86_64\bin\nio.dll
Event: 0.217 Loaded shared library C:\Users\Mehdiali\.vscode\extensions\redhat.java-1.54.0-win32-x64\jre\21.0.10-win32-x86_64\bin\zip.dll
Event: 0.240 Loaded shared library C:\Users\Mehdiali\.vscode\extensions\redhat.java-1.54.0-win32-x64\jre\21.0.10-win32-x86_64\bin\jimage.dll
Event: 0.340 Loaded shared library c:\Users\Mehdiali\.vscode\extensions\redhat.java-1.54.0-win32-x64\jre\21.0.10-win32-x86_64\bin\verify.dll
Event: 7.851 Loaded shared library C:\Users\Mehdiali\AppData\Roaming\Code\User\globalStorage\redhat.java\1.54.0\config_win\org.eclipse.equinox.launcher\org.eclipse.equinox.launcher.win32.win32.x86_64_1.3.0.v20260203-2149\eclipse_11919.dll
Event: 16.468 Loaded shared library C:\Users\Mehdiali\AppData\Local\Temp\jna--725990583\jna15813355386308340968.dll

Deoptimization events (20 events):
Event: 321.319 Thread 0x000001b423512760 Uncommon trap: trap_request=0xffffffde fr.pc=0x000001b3cd8b0eac relative=0x000000000000030c
Event: 321.319 Thread 0x000001b423512760 Uncommon trap: reason=class_check action=maybe_recompile pc=0x000001b3cd8b0eac method=java.io.DataOutputStream.writeByte(I)V @ 5 c2
Event: 321.319 Thread 0x000001b423512760 DEOPT PACKING pc=0x000001b3cd8b0eac sp=0x0000009e538fead0
Event: 321.319 Thread 0x000001b423512760 DEOPT UNPACKING pc=0x000001b3ccdc3aa2 sp=0x0000009e538fea88 mode 2
Event: 321.319 Thread 0x000001b423512760 Uncommon trap: trap_request=0xffffffde fr.pc=0x000001b3cd8b0eac relative=0x000000000000030c
Event: 321.319 Thread 0x000001b423512760 Uncommon trap: reason=class_check action=maybe_recompile pc=0x000001b3cd8b0eac method=java.io.DataOutputStream.writeByte(I)V @ 5 c2
Event: 321.319 Thread 0x000001b423512760 DEOPT PACKING pc=0x000001b3cd8b0eac sp=0x0000009e538fead0
Event: 321.319 Thread 0x000001b423512760 DEOPT UNPACKING pc=0x000001b3ccdc3aa2 sp=0x0000009e538fea88 mode 2
Event: 321.319 Thread 0x000001b423512760 Uncommon trap: trap_request=0xffffffde fr.pc=0x000001b3cd8aff1c relative=0x00000000000003dc
Event: 321.319 Thread 0x000001b423512760 Uncommon trap: reason=class_check action=maybe_recompile pc=0x000001b3cd8aff1c method=java.io.DataOutputStream.writeInt(I)V @ 19 c2
Event: 321.319 Thread 0x000001b423512760 DEOPT PACKING pc=0x000001b3cd8aff1c sp=0x0000009e538fe8d0
Event: 321.319 Thread 0x000001b423512760 DEOPT UNPACKING pc=0x000001b3ccdc3aa2 sp=0x0000009e538fe878 mode 2
Event: 321.319 Thread 0x000001b423512760 Uncommon trap: trap_request=0xffffffde fr.pc=0x000001b3cd8aff1c relative=0x00000000000003dc
Event: 321.319 Thread 0x000001b423512760 Uncommon trap: reason=class_check action=maybe_recompile pc=0x000001b3cd8aff1c method=java.io.DataOutputStream.writeInt(I)V @ 19 c2
Event: 321.319 Thread 0x000001b423512760 DEOPT PACKING pc=0x000001b3cd8aff1c sp=0x0000009e538fe870
Event: 321.319 Thread 0x000001b423512760 DEOPT UNPACKING pc=0x000001b3ccdc3aa2 sp=0x0000009e538fe818 mode 2
Event: 321.321 Thread 0x000001b423512760 Uncommon trap: trap_request=0xffffff45 fr.pc=0x000001b3cd489ae0 relative=0x00000000000001c0
Event: 321.321 Thread 0x000001b423512760 Uncommon trap: reason=unstable_if action=reinterpret pc=0x000001b3cd489ae0 method=jdk.internal.org.objectweb.asm.Frame.push(I)V @ 26 c2
Event: 321.321 Thread 0x000001b423512760 DEOPT PACKING pc=0x000001b3cd489ae0 sp=0x0000009e538fd2f0
Event: 321.321 Thread 0x000001b423512760 DEOPT UNPACKING pc=0x000001b3ccdc3aa2 sp=0x0000009e538fd278 mode 2

Classes loaded (20 events):
Event: 321.305 Loading class java/util/stream/Nodes$CollectorTask$OfRef
Event: 321.305 Loading class java/util/stream/Nodes$CollectorTask
Event: 321.305 Loading class java/util/stream/Nodes$CollectorTask done
Event: 321.305 Loading class java/util/stream/Nodes$CollectorTask$OfRef done
Event: 321.305 Loading class java/util/function/LongFunction
Event: 321.305 Loading class java/util/function/LongFunction done
Event: 321.305 Loading class java/util/stream/Nodes$ConcNode
Event: 321.305 Loading class java/util/stream/Nodes$AbstractConcNode
Event: 321.305 Loading class java/util/stream/Nodes$AbstractConcNode done
Event: 321.305 Loading class java/util/stream/Nodes$ConcNode done
Event: 321.315 Loading class java/util/stream/Nodes$ToArrayTask$OfRef
Event: 321.315 Loading class java/util/stream/Nodes$ToArrayTask
Event: 321.315 Loading class java/util/stream/Nodes$ToArrayTask done
Event: 321.315 Loading class java/util/stream/Nodes$ToArrayTask$OfRef done
Event: 321.316 Loading class java/io/ObjectOutputStream$BlockDataOutputStream
Event: 321.316 Loading class java/io/ObjectOutputStream$BlockDataOutputStream done
Event: 321.316 Loading class java/io/ObjectOutputStream$HandleTable
Event: 321.317 Loading class java/io/ObjectOutputStream$HandleTable done
Event: 321.317 Loading class java/io/ObjectOutputStream$ReplaceTable
Event: 321.317 Loading class java/io/ObjectOutputStream$ReplaceTable done

Classes unloaded (7 events):
Event: 16.825 Thread 0x000001b3c26e9d70 Unloading class 0x000001b3da1a4800 'java/lang/invoke/LambdaForm$MH+0x000001b3da1a4800'
Event: 16.825 Thread 0x000001b3c26e9d70 Unloading class 0x000001b3da1a4400 'java/lang/invoke/LambdaForm$MH+0x000001b3da1a4400'
Event: 16.825 Thread 0x000001b3c26e9d70 Unloading class 0x000001b3da1a4000 'java/lang/invoke/LambdaForm$MH+0x000001b3da1a4000'
Event: 16.825 Thread 0x000001b3c26e9d70 Unloading class 0x000001b3da1a3c00 'java/lang/invoke/LambdaForm$MH+0x000001b3da1a3c00'
Event: 16.825 Thread 0x000001b3c26e9d70 Unloading class 0x000001b3da1a3800 'java/lang/invoke/LambdaForm$BMH+0x000001b3da1a3800'
Event: 16.825 Thread 0x000001b3c26e9d70 Unloading class 0x000001b3da1a3400 'java/lang/invoke/LambdaForm$DMH+0x000001b3da1a3400'
Event: 16.825 Thread 0x000001b3c26e9d70 Unloading class 0x000001b3da1a2000 'java/lang/invoke/LambdaForm$DMH+0x000001b3da1a2000'

Classes redefined (0 events):
No events

Internal exceptions (20 events):
Event: 22.655 Thread 0x000001b4235113b0 Exception <a 'sun/nio/fs/WindowsException'{0x00000000d5d04cd0}> (0x00000000d5d04cd0) 
thrown [s\src\hotspot\share\prims\jni.cpp, line 520]
Event: 22.655 Thread 0x000001b4235113b0 Exception <a 'sun/nio/fs/WindowsException'{0x00000000d5d05300}> (0x00000000d5d05300) 
thrown [s\src\hotspot\share\prims\jni.cpp, line 520]
Event: 22.655 Thread 0x000001b4235113b0 Exception <a 'sun/nio/fs/WindowsException'{0x00000000d5d05f40}> (0x00000000d5d05f40) 
thrown [s\src\hotspot\share\prims\jni.cpp, line 520]
Event: 22.655 Thread 0x000001b4235113b0 Exception <a 'sun/nio/fs/WindowsException'{0x00000000d5d06570}> (0x00000000d5d06570) 
thrown [s\src\hotspot\share\prims\jni.cpp, line 520]
Event: 22.656 Thread 0x000001b4235113b0 Implicit null exception at 0x000001b3cd7aa3d0 to 0x000001b3cd7aa9e9
Event: 22.728 Thread 0x000001b423516900 Exception <a 'sun/nio/fs/WindowsException'{0x00000000d615ae10}> (0x00000000d615ae10) 
thrown [s\src\hotspot\share\prims\jni.cpp, line 520]
Event: 22.731 Thread 0x000001b423516900 Exception <a 'sun/nio/fs/WindowsException'{0x00000000d615b710}> (0x00000000d615b710) 
thrown [s\src\hotspot\share\prims\jni.cpp, line 520]
Event: 22.733 Thread 0x000001b423516900 Exception <a 'sun/nio/fs/WindowsException'{0x00000000d615c640}> (0x00000000d615c640) 
thrown [s\src\hotspot\share\prims\jni.cpp, line 520]
Event: 22.733 Thread 0x000001b423516900 Exception <a 'sun/nio/fs/WindowsException'{0x00000000d615cf20}> (0x00000000d615cf20) 
thrown [s\src\hotspot\share\prims\jni.cpp, line 520]
Event: 22.734 Thread 0x000001b423516900 Exception <a 'sun/nio/fs/WindowsException'{0x00000000d615e568}> (0x00000000d615e568) 
thrown [s\src\hotspot\share\prims\jni.cpp, line 520]
Event: 22.736 Thread 0x000001b4235113b0 Implicit null exception at 0x000001b3cd86f88b to 0x000001b3cd870290
Event: 22.736 Thread 0x000001b4235113b0 Implicit null exception at 0x000001b3cd86aa14 to 0x000001b3cd86b1e8
Event: 22.737 Thread 0x000001b423516900 Exception <a 'sun/nio/fs/WindowsException'{0x00000000d615ee48}> (0x00000000d615ee48) 
thrown [s\src\hotspot\share\prims\jni.cpp, line 520]
Event: 22.738 Thread 0x000001b423516900 Exception <a 'sun/nio/fs/WindowsException'{0x00000000d61ee700}> (0x00000000d61ee700) 
thrown [s\src\hotspot\share\prims\jni.cpp, line 520]
Event: 22.738 Thread 0x000001b423516900 Exception <a 'sun/nio/fs/WindowsException'{0x00000000d61eed30}> (0x00000000d61eed30) 
thrown [s\src\hotspot\share\prims\jni.cpp, line 520]
Event: 22.761 Thread 0x000001b423512df0 Exception <a 'java/lang/NoSuchMethodError'{0x00000000d625e5d8}: 'java.lang.Object java.lang.invoke.DirectMethodHandle$Holder.invokeStaticInit(java.lang.Object, java.lang.Object, java.lang.Object)'> (0x00000000d625e5d8) 
thrown [s\src\hotspot\share\interpreter\linkResolver.cpp, line 773]
Event: 22.861 Thread 0x000001b4235113b0 Exception <a 'java/lang/NoSuchMethodError'{0x00000000d562a528}: 'java.lang.Object java.lang.invoke.DirectMethodHandle$Holder.invokeStatic(java.lang.Object, java.lang.Object, int, java.lang.Object)'> (0x00000000d562a528) 
thrown [s\src\hotspot\share\interpreter\linkResolver.cpp, line 773]
Event: 22.861 Thread 0x000001b4235113b0 Exception <a 'java/lang/NoSuchMethodError'{0x00000000d5630f00}: 'java.lang.Object java.lang.invoke.DirectMethodHandle$Holder.newInvokeSpecial(java.lang.Object, java.lang.Object, int)'> (0x00000000d5630f00) 
thrown [s\src\hotspot\share\interpreter\linkResolver.cpp, line 773]
Event: 321.311 Thread 0x000001b423512760 Implicit null exception at 0x000001b3cd8a8cba to 0x000001b3cd8a9ca8
Event: 321.321 Thread 0x000001b423512760 Exception <a 'java/lang/NoSuchMethodError'{0x00000000d5c73130}: 'java.lang.Object java.lang.invoke.DirectMethodHandle$Holder.newInvokeSpecial(java.lang.Object, java.lang.Object, java.lang.Object, java.lang.Object, java.lang.Object, java.lang.Object, java.lang.Object, java.lang.Object)'> (0x00000000d5c73130) 
thrown [s\src\hotspot\share\interpreter\linkResolver.cpp, line 773]

ZGC Phase Switch (0 events):
No events

VM Operations (20 events):
Event: 1322.646 Executing non-safepoint VM operation: HandshakeAllThreads (HandshakeForDeflation)
Event: 1322.646 Executing non-safepoint VM operation: HandshakeAllThreads (HandshakeForDeflation) done
Event: 1322.646 Executing non-safepoint VM operation: RendezvousGCThreads
Event: 1322.646 Executing non-safepoint VM operation: RendezvousGCThreads done
Event: 1382.780 Executing non-safepoint VM operation: HandshakeAllThreads (HandshakeForDeflation)
Event: 1382.780 Executing non-safepoint VM operation: HandshakeAllThreads (HandshakeForDeflation) done
Event: 1382.780 Executing non-safepoint VM operation: RendezvousGCThreads
Event: 1382.780 Executing non-safepoint VM operation: RendezvousGCThreads done
Event: 1442.897 Executing non-safepoint VM operation: HandshakeAllThreads (HandshakeForDeflation)
Event: 1442.897 Executing non-safepoint VM operation: HandshakeAllThreads (HandshakeForDeflation) done
Event: 1442.897 Executing non-safepoint VM operation: RendezvousGCThreads
Event: 1442.897 Executing non-safepoint VM operation: RendezvousGCThreads done
Event: 1502.907 Executing non-safepoint VM operation: HandshakeAllThreads (HandshakeForDeflation)
Event: 1502.907 Executing non-safepoint VM operation: HandshakeAllThreads (HandshakeForDeflation) done
Event: 1502.907 Executing non-safepoint VM operation: RendezvousGCThreads
Event: 1502.907 Executing non-safepoint VM operation: RendezvousGCThreads done
Event: 1562.918 Executing non-safepoint VM operation: HandshakeAllThreads (HandshakeForDeflation)
Event: 1562.918 Executing non-safepoint VM operation: HandshakeAllThreads (HandshakeForDeflation) done
Event: 1562.918 Executing non-safepoint VM operation: RendezvousGCThreads
Event: 1562.918 Executing non-safepoint VM operation: RendezvousGCThreads done

Memory protections (0 events):
No events

Nmethod flushes (20 events):
Event: 18.041 Thread 0x000001b3c26e9d70 flushing  nmethod 0x000001b3c5e97e90
Event: 18.041 Thread 0x000001b3c26e9d70 flushing  nmethod 0x000001b3c5e98790
Event: 18.041 Thread 0x000001b3c26e9d70 flushing  nmethod 0x000001b3c5e9a190
Event: 18.041 Thread 0x000001b3c26e9d70 flushing  nmethod 0x000001b3c5e9a910
Event: 18.041 Thread 0x000001b3c26e9d70 flushing  nmethod 0x000001b3c5e9be90
Event: 18.041 Thread 0x000001b3c26e9d70 flushing  nmethod 0x000001b3c5e9ca10
Event: 18.041 Thread 0x000001b3c26e9d70 flushing  nmethod 0x000001b3c5e9d810
Event: 18.041 Thread 0x000001b3c26e9d70 flushing  nmethod 0x000001b3c5e9f810
Event: 18.041 Thread 0x000001b3c26e9d70 flushing  nmethod 0x000001b3c5ea0490
Event: 18.041 Thread 0x000001b3c26e9d70 flushing  nmethod 0x000001b3c5ea0c90
Event: 18.041 Thread 0x000001b3c26e9d70 flushing  nmethod 0x000001b3c5ea1190
Event: 18.041 Thread 0x000001b3c26e9d70 flushing  nmethod 0x000001b3c5ea1710
Event: 18.041 Thread 0x000001b3c26e9d70 flushing  nmethod 0x000001b3c5ebf890
Event: 18.041 Thread 0x000001b3c26e9d70 flushing  nmethod 0x000001b3c5edad90
Event: 18.041 Thread 0x000001b3c26e9d70 flushing  nmethod 0x000001b3c5edd890
Event: 18.041 Thread 0x000001b3c26e9d70 flushing  nmethod 0x000001b3c5ee4810
Event: 18.041 Thread 0x000001b3c26e9d70 flushing  nmethod 0x000001b3c5ee8890
Event: 18.041 Thread 0x000001b3c26e9d70 flushing  nmethod 0x000001b3c5eeec90
Event: 18.041 Thread 0x000001b3c26e9d70 flushing  nmethod 0x000001b3c5f51990
Event: 18.041 Thread 0x000001b3c26e9d70 flushing  nmethod 0x000001b3c5f52e90

Events (20 events):
Event: 81.486 Thread 0x000001b423510690 Thread exited: 0x000001b423510690
Event: 82.824 Thread 0x000001b420c7a9e0 Thread exited: 0x000001b420c7a9e0
Event: 82.840 Thread 0x000001b420c7b070 Thread exited: 0x000001b420c7b070
Event: 82.871 Thread 0x000001b423512760 Thread exited: 0x000001b423512760
Event: 83.600 Thread 0x000001b420c7f210 Thread exited: 0x000001b420c7f210
Event: 141.492 Thread 0x000001b4235141a0 Thread exited: 0x000001b4235141a0
Event: 142.881 Thread 0x000001b423512df0 Thread exited: 0x000001b423512df0
Event: 201.506 Thread 0x000001b423514830 Thread exited: 0x000001b423514830
Event: 202.890 Thread 0x000001b423516900 Thread exited: 0x000001b423516900
Event: 262.905 Thread 0x000001b423516270 Thread exited: 0x000001b423516270
Event: 316.528 Thread 0x000001b420c78280 Thread added: 0x000001b423512760
Event: 321.304 Thread 0x000001b423512760 Thread added: 0x000001b423512df0
Event: 321.306 Thread 0x000001b423512df0 Thread exited: 0x000001b423512df0
Event: 321.314 Thread 0x000001b423512760 Thread added: 0x000001b423512df0
Event: 321.314 Thread 0x000001b423512df0 Thread added: 0x000001b423513480
Event: 321.315 Thread 0x000001b423513480 Thread exited: 0x000001b423513480
Event: 321.315 Thread 0x000001b423512df0 Thread exited: 0x000001b423512df0
Event: 322.914 Thread 0x000001b423515be0 Thread exited: 0x000001b423515be0
Event: 381.448 Thread 0x000001b423512760 Thread exited: 0x000001b423512760
Event: 382.922 Thread 0x000001b42350f970 Thread exited: 0x000001b42350f970


Dynamic libraries:
0x00007ff73b6e0000 - 0x00007ff73b6ee000 	c:\Users\Mehdiali\.vscode\extensions\redhat.java-1.54.0-win32-x64\jre\21.0.10-win32-x86_64\bin\java.exe
0x00007fff8f6c0000 - 0x00007fff8f926000 	C:\WINDOWS\SYSTEM32\ntdll.dll
0x00007fff8f220000 - 0x00007fff8f2e9000 	C:\WINDOWS\System32\KERNEL32.DLL
0x00007fff8cd80000 - 0x00007fff8d17a000 	C:\WINDOWS\System32\KERNELBASE.dll
0x00007fff89970000 - 0x00007fff89a10000 	C:\WINDOWS\SYSTEM32\apphelp.dll
0x00007fff8cc30000 - 0x00007fff8cd7c000 	C:\WINDOWS\System32\ucrtbase.dll
0x00007fff51530000 - 0x00007fff51548000 	c:\Users\Mehdiali\.vscode\extensions\redhat.java-1.54.0-win32-x64\jre\21.0.10-win32-x86_64\bin\jli.dll
0x00007fff52910000 - 0x00007fff5292e000 	c:\Users\Mehdiali\.vscode\extensions\redhat.java-1.54.0-win32-x64\jre\21.0.10-win32-x86_64\bin\VCRUNTIME140.dll
0x00007fff8e0b0000 - 0x00007fff8e277000 	C:\WINDOWS\System32\USER32.dll
0x00007fff8cc00000 - 0x00007fff8cc27000 	C:\WINDOWS\System32\win32u.dll
0x00007fff8f050000 - 0x00007fff8f07b000 	C:\WINDOWS\System32\GDI32.dll
0x00007fff8d300000 - 0x00007fff8d42b000 	C:\WINDOWS\System32\gdi32full.dll
0x00007fff7b570000 - 0x00007fff7b802000 	C:\WINDOWS\WinSxS\amd64_microsoft.windows.common-controls_6595b64144ccf1df_6.0.26100.8521_none_3e08b75ce33403b3\COMCTL32.dll
0x00007fff8cb50000 - 0x00007fff8cbf3000 	C:\WINDOWS\System32\msvcp_win.dll
0x00007fff8e6a0000 - 0x00007fff8e749000 	C:\WINDOWS\System32\msvcrt.dll
0x00007fff8f390000 - 0x00007fff8f3c2000 	C:\WINDOWS\System32\IMM32.DLL
0x00007fff7b1f0000 - 0x00007fff7b1fc000 	c:\Users\Mehdiali\.vscode\extensions\redhat.java-1.54.0-win32-x64\jre\21.0.10-win32-x86_64\bin\vcruntime140_1.dll
0x00007fff0a970000 - 0x00007fff0a9fd000 	c:\Users\Mehdiali\.vscode\extensions\redhat.java-1.54.0-win32-x64\jre\21.0.10-win32-x86_64\bin\msvcp140.dll
0x00007ffecf800000 - 0x00007ffed05a1000 	c:\Users\Mehdiali\.vscode\extensions\redhat.java-1.54.0-win32-x64\jre\21.0.10-win32-x86_64\bin\server\jvm.dll
0x00007fff8ee70000 - 0x00007fff8ef26000 	C:\WINDOWS\System32\ADVAPI32.dll
0x00007fff8e750000 - 0x00007fff8e7fa000 	C:\WINDOWS\System32\sechost.dll
0x00007fff8d430000 - 0x00007fff8d548000 	C:\WINDOWS\System32\RPCRT4.dll
0x00007fff8e610000 - 0x00007fff8e690000 	C:\WINDOWS\System32\WS2_32.dll
0x00007fff8c7b0000 - 0x00007fff8c80e000 	C:\WINDOWS\SYSTEM32\POWRPROF.dll
0x00007fff7c2f0000 - 0x00007fff7c326000 	C:\WINDOWS\SYSTEM32\WINMM.dll
0x00007fff86630000 - 0x00007fff8663b000 	C:\WINDOWS\SYSTEM32\VERSION.dll
0x00007fff8c790000 - 0x00007fff8c7a4000 	C:\WINDOWS\SYSTEM32\UMPDC.dll
0x00007fff8b6e0000 - 0x00007fff8b6fb000 	C:\WINDOWS\SYSTEM32\kernel.appcore.dll
0x00007fff7a570000 - 0x00007fff7a57a000 	c:\Users\Mehdiali\.vscode\extensions\redhat.java-1.54.0-win32-x64\jre\21.0.10-win32-x86_64\bin\jimage.dll
0x00007fff7c020000 - 0x00007fff7c262000 	C:\WINDOWS\SYSTEM32\DBGHELP.DLL
0x00007fff8e280000 - 0x00007fff8e603000 	C:\WINDOWS\System32\combase.dll
0x00007fff8dfd0000 - 0x00007fff8e0a9000 	C:\WINDOWS\System32\OLEAUT32.dll
0x00007fff7b050000 - 0x00007fff7b08b000 	C:\WINDOWS\SYSTEM32\dbgcore.DLL
0x00007fff8caa0000 - 0x00007fff8cb48000 	C:\WINDOWS\System32\bcryptPrimitives.dll
0x00007fff57d70000 - 0x00007fff57d7f000 	c:\Users\Mehdiali\.vscode\extensions\redhat.java-1.54.0-win32-x64\jre\21.0.10-win32-x86_64\bin\instrument.dll
0x00007fff2a800000 - 0x00007fff2a820000 	c:\Users\Mehdiali\.vscode\extensions\redhat.java-1.54.0-win32-x64\jre\21.0.10-win32-x86_64\bin\java.dll
0x00007fff8d7c0000 - 0x00007fff8df44000 	C:\WINDOWS\System32\SHELL32.dll
0x00007fff8a560000 - 0x00007fff8ade0000 	C:\WINDOWS\SYSTEM32\windows.storage.dll
0x00007fff8f580000 - 0x00007fff8f676000 	C:\WINDOWS\System32\SHCORE.dll
0x00007fff8f3d0000 - 0x00007fff8f437000 	C:\WINDOWS\System32\shlwapi.dll
0x00007fff8c870000 - 0x00007fff8c899000 	C:\WINDOWS\SYSTEM32\profapi.dll
0x00007fff20400000 - 0x00007fff20418000 	c:\Users\Mehdiali\.vscode\extensions\redhat.java-1.54.0-win32-x64\jre\21.0.10-win32-x86_64\bin\zip.dll
0x00007fff579f0000 - 0x00007fff57a00000 	C:\Users\Mehdiali\.vscode\extensions\redhat.java-1.54.0-win32-x64\jre\21.0.10-win32-x86_64\bin\net.dll
0x00007fff86310000 - 0x00007fff86439000 	C:\WINDOWS\SYSTEM32\WINHTTP.dll
0x00007fff8bc50000 - 0x00007fff8bcbc000 	C:\WINDOWS\system32\mswsock.dll
0x00007fff1c790000 - 0x00007fff1c7a6000 	C:\Users\Mehdiali\.vscode\extensions\redhat.java-1.54.0-win32-x64\jre\21.0.10-win32-x86_64\bin\nio.dll
0x00007fff4b680000 - 0x00007fff4b690000 	c:\Users\Mehdiali\.vscode\extensions\redhat.java-1.54.0-win32-x64\jre\21.0.10-win32-x86_64\bin\verify.dll
0x00007fff11c40000 - 0x00007fff11c85000 	C:\Users\Mehdiali\AppData\Roaming\Code\User\globalStorage\redhat.java\1.54.0\config_win\org.eclipse.equinox.launcher\org.eclipse.equinox.launcher.win32.win32.x86_64_1.3.0.v20260203-2149\eclipse_11919.dll
0x00007fff8f080000 - 0x00007fff8f218000 	C:\WINDOWS\System32\ole32.dll
0x00007fff8bf30000 - 0x00007fff8bf4b000 	C:\WINDOWS\SYSTEM32\CRYPTSP.dll
0x00007fff8b640000 - 0x00007fff8b679000 	C:\WINDOWS\system32\rsaenh.dll
0x00007fff8bd00000 - 0x00007fff8bd33000 	C:\WINDOWS\SYSTEM32\USERENV.dll
0x00007fff8c840000 - 0x00007fff8c86a000 	C:\WINDOWS\SYSTEM32\bcrypt.dll
0x00007fff8bf50000 - 0x00007fff8bf5c000 	C:\WINDOWS\SYSTEM32\CRYPTBASE.dll
0x00007fff8b0f0000 - 0x00007fff8b123000 	C:\WINDOWS\SYSTEM32\IPHLPAPI.DLL
0x00007fff8f2f0000 - 0x00007fff8f2fa000 	C:\WINDOWS\System32\NSI.dll
0x00007fff0d020000 - 0x00007fff0d069000 	C:\Users\Mehdiali\AppData\Local\Temp\jna--725990583\jna15813355386308340968.dll
0x00007fff8f450000 - 0x00007fff8f458000 	C:\WINDOWS\System32\PSAPI.DLL
0x00007fff86710000 - 0x00007fff8672d000 	C:\WINDOWS\SYSTEM32\dhcpcsvc6.DLL
0x00007fff86690000 - 0x00007fff866b5000 	C:\WINDOWS\SYSTEM32\dhcpcsvc.DLL

JVMTI agents:
c:\Users\Mehdiali\.vscode\extensions\redhat.java-1.54.0-win32-x64\lombok\lombok-1.18.39-4050.jar path:c:\Users\Mehdiali\.vscode\extensions\redhat.java-1.54.0-win32-x64\jre\21.0.10-win32-x86_64\bin\instrument.dll, loaded, initialized, instrumentlib options:none

dbghelp: loaded successfully - version: 4.0.5 - missing functions: none
symbol engine: initialized successfully - sym options: 0x614 - pdb path: .;c:\Users\Mehdiali\.vscode\extensions\redhat.java-1.54.0-win32-x64\jre\21.0.10-win32-x86_64\bin;C:\WINDOWS\SYSTEM32;C:\WINDOWS\WinSxS\amd64_microsoft.windows.common-controls_6595b64144ccf1df_6.0.26100.8521_none_3e08b75ce33403b3;c:\Users\Mehdiali\.vscode\extensions\redhat.java-1.54.0-win32-x64\jre\21.0.10-win32-x86_64\bin\server;C:\Users\Mehdiali\AppData\Roaming\Code\User\globalStorage\redhat.java\1.54.0\config_win\org.eclipse.equinox.launcher\org.eclipse.equinox.launcher.win32.win32.x86_64_1.3.0.v20260203-2149;C:\Users\Mehdiali\AppData\Local\Temp\jna--725990583

VM Arguments:
jvm_args: --add-modules=ALL-SYSTEM --add-opens=java.base/java.util=ALL-UNNAMED --add-opens=java.base/java.lang=ALL-UNNAMED --add-opens=java.base/sun.nio.fs=ALL-UNNAMED -Declipse.application=org.eclipse.jdt.ls.core.id1 -Dosgi.bundles.defaultStartLevel=4 -Declipse.product=org.eclipse.jdt.ls.core.product -Djava.import.generatesMetadataFilesAtProjectRoot=false -DDetectVMInstallationsJob.disabled=true -Dfile.encoding=utf8 -XX:+UseParallelGC -XX:GCTimeRatio=4 -XX:AdaptiveSizePolicyWeight=90 -Dsun.zip.disableMemoryMapping=true -Xmx2G -Xms100m -Xlog:disable -javaagent:c:\Users\Mehdiali\.vscode\extensions\redhat.java-1.54.0-win32-x64\lombok\lombok-1.18.39-4050.jar -XX:+HeapDumpOnOutOfMemoryError -XX:HeapDumpPath=c:\Users\Mehdiali\AppData\Roaming\Code\User\workspaceStorage\232fe7e5a51645d976f0662a88af09df\redhat.java -Daether.dependencyCollector.impl=bf 
java_command: c:\Users\Mehdiali\.vscode\extensions\redhat.java-1.54.0-win32-x64\server\plugins\org.eclipse.equinox.launcher_1.7.100.v20251111-0406.jar -configuration c:\Users\Mehdiali\AppData\Roaming\Code\User\globalStorage\redhat.java\1.54.0\config_win -data c:\Users\Mehdiali\AppData\Roaming\Code\User\workspaceStorage\232fe7e5a51645d976f0662a88af09df\redhat.java\jdt_ws --pipe=\\.\pipe\lsp-2fe7dbfd6792b743fb278be14e8eb113-sock
java_class_path (initial): c:\Users\Mehdiali\.vscode\extensions\redhat.java-1.54.0-win32-x64\server\plugins\org.eclipse.equinox.launcher_1.7.100.v20251111-0406.jar
Launcher Type: SUN_STANDARD

[Global flags]
    uintx AdaptiveSizePolicyWeight                 = 90                                        {product} {command line}
     intx CICompilerCount                          = 4                                         {product} {ergonomic}
    uintx GCTimeRatio                              = 4                                         {product} {command line}
     bool HeapDumpOnOutOfMemoryError               = true                                   {manageable} {command line}
    ccstr HeapDumpPath                             = c:\Users\Mehdiali\AppData\Roaming\Code\User\workspaceStorage\232fe7e5a51645d976f0662a88af09df\redhat.java         {manageable} {command line}
   size_t InitialHeapSize                          = 104857600                                 {product} {command line}
   size_t MaxHeapSize                              = 2147483648                                {product} {command line}
   size_t MaxNewSize                               = 715653120                                 {product} {ergonomic}
   size_t MinHeapDeltaBytes                        = 524288                                    {product} {ergonomic}
   size_t MinHeapSize                              = 104857600                                 {product} {command line}
   size_t NewSize                                  = 34603008                                  {product} {ergonomic}
    uintx NonNMethodCodeHeapSize                   = 5839372                                {pd product} {ergonomic}
    uintx NonProfiledCodeHeapSize                  = 122909434                              {pd product} {ergonomic}
   size_t OldSize                                  = 70254592                                  {product} {ergonomic}
    uintx ProfiledCodeHeapSize                     = 122909434                              {pd product} {ergonomic}
    uintx ReservedCodeCacheSize                    = 251658240                              {pd product} {ergonomic}
     bool SegmentedCodeCache                       = true                                      {product} {ergonomic}
   size_t SoftMaxHeapSize                          = 2147483648                             {manageable} {ergonomic}
     bool UseCompressedOops                        = true                           {product lp64_product} {ergonomic}
     bool UseLargePagesIndividualAllocation        = false                                  {pd product} {ergonomic}
     bool UseParallelGC                            = true                                      {product} {command line}

Logging:
Log output configuration:
 #0: stdout all=off uptime,level,tags foldmultilines=false
 #1: stderr all=off uptime,level,tags foldmultilines=false

Release file:
JAVA_VERSION="21.0.10" 
MODULES="java.base java.compiler java.datatransfer java.xml java.prefs java.desktop java.instrument java.logging java.management java.security.sasl java.naming java.rmi java.management.rmi java.net.http java.scripting java.security.jgss java.transaction.xa java.sql java.sql.rowset java.xml.crypto java.se java.smartcardio jdk.accessibility jdk.internal.jvmstat jdk.attach jdk.charsets jdk.internal.opt jdk.zipfs jdk.compiler jdk.crypto.ec jdk.crypto.cryptoki jdk.crypto.mscapi jdk.dynalink jdk.internal.ed jdk.editpad jdk.hotspot.agent jdk.httpserver jdk.internal.le jdk.internal.vm.ci jdk.internal.vm.compiler jdk.internal.vm.compiler.management jdk.jartool jdk.javadoc jdk.jcmd jdk.management jdk.management.agent jdk.jconsole jdk.jdeps jdk.jdwp.agent jdk.jdi jdk.jfr jdk.jshell jdk.jsobject jdk.jstatd jdk.localedata jdk.management.jfr jdk.naming.dns jdk.naming.rmi jdk.net jdk.nio.mapmode jdk.random jdk.sctp jdk.security.auth jdk.security.jgss jdk.unsupported jdk.unsupported.desktop jdk.xml.dom" 

Environment Variables:
PATH=C:\Program Files\Common Files\Oracle\Java\javapath;C:\oraclexe\app\oracle\product\11.2.0\server\bin;C:\Python312\Scripts\;C:\Python312\;C:\WINDOWS\system32;C:\WINDOWS;C:\Program Files\mingw64\bin;C:\WINDOWS\System32\Wbem;C:\WINDOWS\System32\WindowsPowerShell\v1.0\;C:\WINDOWS\System32\OpenSSH\;C:\ProgramData\chocolatey\bin;C:\Program Files\MongoDB\Server\7.0\bin;C:\Program Files (x86)\PDFtk\bin\;c:\Users\Mehdiali\AppData\Local\Programs\cursor\resources\app\bin;C:\Program Files\Java\jdk-24\bin;C:\Program Files\nodejs\;C:\Program Files\Git\cmd;C:\Program Files\Git\mingw64\bin;C:\Program Files\Git\usr\bin;C:\Users\Mehdiali\AppData\Local\Microsoft\WindowsApps;C:\Users\Mehdiali\AppData\Local\Programs\Microsoft VS Code\bin;C:\Users\Mehdiali\AppData\Local\Microsoft\WindowsApps;C:\Program Files\MongoDB\Server\7.0\bin;C:\Users\Mehdiali\AppData\Local\Programs\mongosh\;C:\Users\Mehdiali\AppData\Roaming\npm;C:\Users\Mehdiali\AppData\Local\Programs\Antigravity\bin
USERNAME=Mehdiali
OS=Windows_NT
PROCESSOR_IDENTIFIER=Intel64 Family 6 Model 165 Stepping 3, GenuineIntel
TMP=C:\Users\Mehdiali\AppData\Local\Temp
TEMP=C:\Users\Mehdiali\AppData\Local\Temp




Periodic native trim disabled

---------------  S Y S T E M  ---------------

OS:
 Windows 11 , 64 bit Build 26100 (10.0.26100.8521)
OS uptime: 0 days 1:54 hours

CPU: total 8 (initial active 8) (4 cores per cpu, 2 threads per core) family 6 model 165 stepping 3 microcode 0xea, cx8, cmov, fxsr, ht, mmx, 3dnowpref, sse, sse2, sse3, ssse3, sse4.1, sse4.2, popcnt, lzcnt, tsc, tscinvbit, avx, avx2, aes, erms, clmul, bmi1, bmi2, adx, fma, vzeroupper, clflush, clflushopt, rdtscp, f16c
Processor Information for the first 8 processors :
  Max Mhz: 3600, Current Mhz: 3600, Mhz Limit: 3600

Memory: 4k page, system-wide physical 16213M (1248M free)
TotalPageFile size 18261M (AvailPageFile size 34M)
current process WorkingSet (physical memory assigned to process): 233M, peak: 272M
current process commit charge ("private bytes"): 324M, peak: 364M

vm_info: OpenJDK 64-Bit Server VM (21.0.10+7-LTS) for windows-amd64 JRE (21.0.10+7-LTS), built on 2026-01-20T00:00:00Z by "admin" with MS VC++ 17.12 (VS2022)

END.
